[2026-03-07 04:29:58] === Session Health Check Starting (optimized) ===
[2026-03-07 04:29:58] [bot-handler] Checking sessions...
[2026-03-07 04:29:58] [bot-handler] Found 3 total transcripts, 0 modified in last 2 days
[2026-03-07 04:29:58] [bot-handler] Check complete
[2026-03-07 04:29:58] [fast] Checking sessions...
[2026-03-07 04:29:58] [fast] Found 3701 total transcripts, 2790 modified in last 2 days
[2026-03-07 04:29:59] [fast] Checked 50/2790 files...
[2026-03-07 04:29:59] [fast] Checked 100/2790 files...
[2026-03-07 04:29:59] [fast] Checked 150/2790 files...
[2026-03-07 04:29:59] [fast] Checked 200/2790 files...
[2026-03-07 04:30:00] [fast] Checked 250/2790 files...
[2026-03-07 04:30:00] [fast] Checked 300/2790 files...
[2026-03-07 04:30:00] [fast] Checked 350/2790 files...
[2026-03-07 04:30:00] [fast] Checked 400/2790 files...
[2026-03-07 04:30:00] [fast] Checked 450/2790 files...
[2026-03-07 04:30:01] [fast] Checked 500/2790 files...
[2026-03-07 04:30:01] [fast] Checked 550/2790 files...
[2026-03-07 04:30:01] [fast] Checked 600/2790 files...
[2026-03-07 04:30:01] [fast] Checked 650/2790 files...
[2026-03-07 04:30:01] [fast] Checked 700/2790 files...
[2026-03-07 04:30:00] [fast] Checked 750/2790 files...
[2026-03-07 04:30:00] [fast] Checked 800/2790 files...
[2026-03-07 04:30:01] [fast] Checked 850/2790 files...
[2026-03-07 04:30:01] [fast] Checked 900/2790 files...
[2026-03-07 04:30:01] [fast] Checked 950/2790 files...
[2026-03-07 04:30:01] [fast] Checked 1000/2790 files...
[2026-03-07 04:30:01] [fast] Checked 1050/2790 files...
[2026-03-07 04:30:02] [fast] Checked 1100/2790 files...
[2026-03-07 04:30:02] [fast] Checked 1150/2790 files...
[2026-03-07 04:30:02] [fast] Checked 1200/2790 files...
[2026-03-07 04:30:02] [fast] Checked 1250/2790 files...
[2026-03-07 04:30:02] [fast] Checked 1300/2790 files...
[2026-03-07 04:30:03] [fast] Checked 1350/2790 files...
[2026-03-07 04:30:03] [fast] Checked 1400/2790 files...
[2026-03-07 04:30:03] [fast] Checked 1450/2790 files...
[2026-03-07 04:30:03] [fast] Checked 1500/2790 files...
[2026-03-07 04:30:03] [fast] Checked 1550/2790 files...
[2026-03-07 04:30:04] [fast] Checked 1600/2790 files...
[2026-03-07 04:30:04] [fast] Checked 1650/2790 files...
[2026-03-07 04:30:04] [fast] Checked 1700/2790 files...
[2026-03-07 04:30:04] [fast] Checked 1750/2790 files...
[2026-03-07 04:30:04] [fast] Checked 1800/2790 files...
[2026-03-07 04:30:05] [fast] Checked 1850/2790 files...
[2026-03-07 04:30:05] [fast] Checked 1900/2790 files...
[2026-03-07 04:30:05] [fast] Checked 1950/2790 files...
[2026-03-07 04:30:05] [fast] Checked 2000/2790 files...
[2026-03-07 04:30:06] [fast] Checked 2050/2790 files...
[2026-03-07 04:30:06] [fast] Checked 2100/2790 files...
[2026-03-07 04:30:06] [fast] Checked 2150/2790 files...
[2026-03-07 04:30:06] [fast] Checked 2200/2790 files...
[2026-03-07 04:30:06] [fast] Checked 2250/2790 files...
[2026-03-07 04:30:07] [fast] Checked 2300/2790 files...
[2026-03-07 04:30:07] [fast] Checked 2350/2790 files...
[2026-03-07 04:30:07] [fast] Checked 2400/2790 files...
[2026-03-07 04:30:07] [fast] Checked 2450/2790 files...
[2026-03-07 04:30:07] [fast] Checked 2500/2790 files...
[2026-03-07 04:30:07] [fast] Checked 2550/2790 files...
[2026-03-07 04:30:08] [fast] Checked 2600/2790 files...
[2026-03-07 04:30:08] [fast] Checked 2650/2790 files...
[2026-03-07 04:30:08] [fast] Checked 2700/2790 files...
[2026-03-07 04:30:08] [fast] Checked 2750/2790 files...
[2026-03-07 04:30:08] [fast] Check complete
[2026-03-07 04:30:08] [learning] Checking sessions...
[2026-03-07 04:30:09] [learning] Found 2 total transcripts, 1 modified in last 2 days
[2026-03-07 04:30:09] [learning] Check complete
[2026-03-07 04:30:09] [main] Checking sessions...
[2026-03-07 04:30:09] [main] Found 29737 total transcripts, 15 modified in last 2 days
[2026-03-07 04:30:09] [main] Check complete
[2026-03-07 04:30:09] [fast] Pruning :run: entries (48 found, keeping 3 per job)...
[2026-03-07 04:30:09] [fast] Pruned 9 :run: entries (now 39)
[2026-03-07 04:30:09] === Session Health Check Complete ===
