Sent to 120363425241827782@g.us (id 3EB02DA89E27FAD6A2BF0F)
[2026-02-28 22:30:33] ALERT SENT: 134167842210000000 to 120363425241827782@g.us for regions: ראשון לציון - מזרח,ראשון לציון - מערב
[2026-02-28 22:30:33] Alert processed: 134167842210000000
Sent to 120363425241827782@g.us (id 3EB000DDA7A26867E9D41D)
[2026-02-28 22:31:32] ALERT SENT: 134167842820000000 to 120363425241827782@g.us for regions: ראשון לציון - מזרח,ראשון לציון - מערב
[2026-02-28 22:31:32] Alert processed: 134167842820000000
Sent to 120363425241827782@g.us (id 3EB0A8539DF612A9FBBB0E)
[2026-02-28 22:38:11] ALERT SENT: 134167846760000000 to 120363425241827782@g.us for regions: ראשון לציון - מזרח,ראשון לציון - מערב
[2026-02-28 22:38:11] Alert processed: 134167846760000000
[ERROR] 2026-02-28T22:38:41+02:00 SessionCipher.go:310 ▶  Unable to get or create message keys: received message with old counter (index: 496, count: 493)
[ERROR] 2026-02-28T22:38:41+02:00 SessionCipher.go:310 ▶  Unable to get or create message keys: received message with old counter (index: 1311, count: 1309)
[ERROR] 2026-02-28T22:38:41+02:00 SessionCipher.go:310 ▶  Unable to get or create message keys: received message with old counter (index: 496, count: 495)
[ERROR] 2026-02-28T22:38:41+02:00 SessionCipher.go:310 ▶  Unable to get or create message keys: received message with old counter (index: 1311, count: 1310)
Sent to 120363425241827782@g.us (id 3EB0255F81374C916840BA)
[2026-02-28 22:38:42] ALERT SENT: 134167847010000000 to 120363425241827782@g.us for regions: ראשון לציון - מזרח,ראשון לציון - מערב
[2026-02-28 22:38:42] Alert processed: 134167847010000000
Sent to 120363425241827782@g.us (id 3EB0B99F8C784532A1350F)
[2026-02-28 22:39:13] ALERT SENT: 134167847380000000 to 120363425241827782@g.us for regions: ראשון לציון - מזרח,ראשון לציון - מערב
[2026-02-28 22:39:13] Alert processed: 134167847380000000
[ERROR] 2026-02-28T22:45:21+02:00 SessionCipher.go:310 ▶  Unable to get or create message keys: received message with old counter (index: 504, count: 503)
Sent to 120363425241827782@g.us (id 3EB0CBA0DBA75E66C0B1A8)
[2026-02-28 22:45:21] ALERT SENT: 134167851110000000 to 120363425241827782@g.us for regions: ראשון לציון - מזרח,ראשון לציון - מערב
[2026-02-28 22:45:21] Alert processed: 134167851110000000
[ERROR] 2026-02-28T22:45:52+02:00 SessionCipher.go:310 ▶  Unable to get or create message keys: received message with old counter (index: 508, count: 505)
[ERROR] 2026-02-28T22:45:52+02:00 SessionCipher.go:310 ▶  Unable to get or create message keys: received message with old counter (index: 169, count: 167)
[ERROR] 2026-02-28T22:45:52+02:00 SessionCipher.go:310 ▶  Unable to get or create message keys: received message with old counter (index: 508, count: 507)
[ERROR] 2026-02-28T22:45:52+02:00 SessionCipher.go:310 ▶  Unable to get or create message keys: received message with old counter (index: 169, count: 168)
Sent to 120363425241827782@g.us (id 3EB057FA0EAD7CDCC1E230)
[2026-02-28 22:45:52] ALERT SENT: 134167851450000000 to 120363425241827782@g.us for regions: ראשון לציון - מערב
[2026-02-28 22:45:52] Alert processed: 134167851450000000
Sent to 120363425241827782@g.us (id 3EB0FA3C78BE31CEB1852B)
[2026-02-28 23:02:25] ALERT SENT: 134167861340000000 to 120363425241827782@g.us for regions: ראשון לציון - מזרח,ראשון לציון - מערב
[2026-02-28 23:02:25] Alert processed: 134167861340000000
[2026-02-28 23:02:53] DUPLICATE CONTENT SKIPPED: 134167861680000000 (exact match within 2 min)
[2026-02-28 23:03:21] DUPLICATE CONTENT SKIPPED: 134167861960000000 (exact match within 2 min)
[ERROR] 2026-02-28T23:23:11+02:00 SessionCipher.go:310 ▶  Unable to get or create message keys: received message with old counter (index: 515, count: 514)
[ERROR] 2026-02-28T23:23:11+02:00 SessionCipher.go:310 ▶  Unable to get or create message keys: received message with old counter (index: 1313, count: 1312)
[ERROR] 2026-02-28T23:23:11+02:00 SessionCipher.go:310 ▶  Unable to get or create message keys: received message with old counter (index: 8, count: 7)
Sent to 120363425241827782@g.us (id 3EB0B200C1812A78B3FE8F)
[2026-02-28 23:23:11] ALERT SENT: 134167873580000000 to 120363425241827782@g.us for regions: ראשון לציון - מזרח,ראשון לציון - מערב
[2026-02-28 23:23:11] Alert processed: 134167873580000000
[2026-02-28 23:23:39] DUPLICATE CONTENT SKIPPED: 134167874140000000 (exact match within 2 min)
[ERROR] 2026-02-28T23:29:49+02:00 SessionCipher.go:310 ▶  Unable to get or create message keys: received message with old counter (index: 170, count: 169)
[ERROR] 2026-02-28T23:29:49+02:00 SessionCipher.go:310 ▶  Unable to get or create message keys: received message with old counter (index: 9, count: 8)
Sent to 120363425241827782@g.us (id 3EB09A3F9E15E68B39076E)
[2026-02-28 23:29:49] ALERT SENT: 134167877500000000 to 120363425241827782@g.us for regions: ראשון לציון - מזרח,ראשון לציון - מערב
[2026-02-28 23:29:49] Alert processed: 134167877500000000
[2026-02-28 23:30:17] DUPLICATE CONTENT SKIPPED: 134167878010000000 (exact match within 2 min)
[2026-02-28 23:30:45] DUPLICATE CONTENT SKIPPED: 134167878350000000 (exact match within 2 min)
Sent to 120363425241827782@g.us (id 3EB00E998A480DB28EF945)
[2026-02-28 23:42:32] ALERT SENT: 134167885300000000 to 120363425241827782@g.us for regions: ראשון לציון - מזרח,ראשון לציון - מערב
[2026-02-28 23:42:32] Alert processed: 134167885300000000
[ERROR] 2026-03-01T01:40:31+02:00 SessionCipher.go:310 ▶  Unable to get or create message keys: received message with old counter (index: 518, count: 516)
[ERROR] 2026-03-01T01:40:31+02:00 SessionCipher.go:310 ▶  Unable to get or create message keys: received message with old counter (index: 518, count: 517)
Sent to 120363425241827782@g.us (id 3EB0D82EFC654D5521A79E)
[2026-03-01 01:40:31] ALERT SENT: 134167956080000000 to 120363425241827782@g.us for regions: ראשון לציון - מזרח,ראשון לציון - מערב
[2026-03-01 01:40:31] Alert processed: 134167956080000000
Sent to 120363425241827782@g.us (id 3EB0C2A823F199D8BDD4B2)
[2026-03-01 01:48:02] ALERT SENT: 134167960720000000 to 120363425241827782@g.us for regions: ראשון לציון - מזרח
[2026-03-01 01:48:02] Alert processed: 134167960720000000
[2026-03-01 01:48:30] DUPLICATE CONTENT SKIPPED: 134167961000000000 (exact match within 2 min)
[2026-03-01 01:49:00] DUPLICATE CONTENT SKIPPED: 134167961190000000 (exact match within 2 min)
[ERROR] 2026-03-01T02:07:10+02:00 SessionCipher.go:310 ▶  Unable to get or create message keys: received message with old counter (index: 172, count: 170)
[ERROR] 2026-03-01T02:07:10+02:00 SessionCipher.go:310 ▶  Unable to get or create message keys: received message with old counter (index: 172, count: 171)
[ERROR] 2026-03-01T02:07:10+02:00 SessionCipher.go:310 ▶  Unable to get or create message keys: received message with old counter (index: 402, count: 400)
[ERROR] 2026-03-01T02:07:10+02:00 SessionCipher.go:310 ▶  Unable to get or create message keys: received message with old counter (index: 402, count: 401)
[ERROR] 2026-03-01T02:07:10+02:00 SessionCipher.go:310 ▶  Unable to get or create message keys: received message with old counter (index: 10, count: 9)
Sent to 120363425241827782@g.us (id 3EB0B5F7CE303554D34165)
[2026-03-01 02:07:11] ALERT SENT: 134167972180000000 to 120363425241827782@g.us for regions: ראשון לציון - מזרח,ראשון לציון - מערב
[2026-03-01 02:07:11] Alert processed: 134167972180000000
Sent to 120363425241827782@g.us (id 3EB068AD0594345A48C573)
[2026-03-01 06:09:28] ALERT SENT: 134168117370000000 to 120363425241827782@g.us for regions: ראשון לציון - מזרח,ראשון לציון - מערב
[2026-03-01 06:09:28] Alert processed: 134168117370000000
[2026-03-01 06:09:55] DUPLICATE CONTENT SKIPPED: 134168117860000000 (exact match within 2 min)
Sent to 120363425241827782@g.us (id 3EB0F7103829400D357DB2)
[ERROR] 2026-03-01T06:16:23+02:00 SessionCipher.go:310 ▶  Unable to get or create message keys: received message with old counter (index: 520, count: 519)
[ERROR] 2026-03-01T06:16:23+02:00 SessionCipher.go:310 ▶  Unable to get or create message keys: received message with old counter (index: 175, count: 174)
[2026-03-01 06:16:23] ALERT SENT: 134168121660000000 to 120363425241827782@g.us for regions: ראשון לציון - מזרח,ראשון לציון - מערב
[2026-03-01 06:16:23] Alert processed: 134168121660000000
[2026-03-01 06:16:51] DUPLICATE CONTENT SKIPPED: 134168122020000000 (exact match within 2 min)
[2026-03-01 06:17:18] DUPLICATE CONTENT SKIPPED: 134168122250000000 (exact match within 2 min)
Sent to 120363425241827782@g.us (id 3EB08E50CB91222A1B76DB)
[2026-03-01 06:30:45] ALERT SENT: 134168130290000000 to 120363425241827782@g.us for regions: ראשון לציון - מערב
[2026-03-01 06:30:45] Alert processed: 134168130290000000
[2026-03-01 06:31:13] DUPLICATE CONTENT SKIPPED: 134168130470000000 (exact match within 2 min)
[2026-03-01 06:31:40] DUPLICATE CONTENT SKIPPED: 134168130770000000 (exact match within 2 min)
[2026-03-01 06:32:08] DUPLICATE CONTENT SKIPPED: 134168131110000000 (exact match within 2 min)
[ERROR] 2026-03-01T06:38:35+02:00 SessionCipher.go:310 ▶  Unable to get or create message keys: received message with old counter (index: 524, count: 519)
[ERROR] 2026-03-01T06:38:35+02:00 SessionCipher.go:310 ▶  Unable to get or create message keys: received message with old counter (index: 175, count: 174)
[ERROR] 2026-03-01T06:38:35+02:00 SessionCipher.go:310 ▶  Unable to get or create message keys: received message with old counter (index: 524, count: 521)
[ERROR] 2026-03-01T06:38:35+02:00 SessionCipher.go:310 ▶  Unable to get or create message keys: received message with old counter (index: 524, count: 523)
[ERROR] 2026-03-01T06:38:35+02:00 SessionCipher.go:310 ▶  Unable to get or create message keys: received message with old counter (index: 403, count: 402)
Sent to 120363425241827782@g.us (id 3EB069647712FA0CE0A3F7)
[2026-03-01 06:38:36] ALERT SENT: 134168134990000000 to 120363425241827782@g.us for regions: ראשון לציון - מערב
[2026-03-01 06:38:36] Alert processed: 134168134990000000
[2026-03-01 06:39:03] DUPLICATE CONTENT SKIPPED: 134168135280000000 (exact match within 2 min)
[2026-03-01 06:39:30] DUPLICATE CONTENT SKIPPED: 134168135610000000 (exact match within 2 min)
unknown flag: --to
unknown flag: --to
unknown flag: --to
Sent neveyam-guardian.jpg to 120363425241827782@g.us (id 3EB065094EADC33B5F2582)
[2026-03-01 07:01:43] ALERT SENT (with image): 134168148770000000 to 120363425241827782@g.us for regions: ראשון לציון - מערב
[2026-03-01 07:01:43] Alert processed: 134168148770000000
[ERROR] 2026-03-01T07:08:39+02:00 SessionCipher.go:310 ▶  Unable to get or create message keys: received message with old counter (index: 482, count: 481)
Sent neveyam-guardian.jpg to 120363425241827782@g.us (id 3EB0C9D514D4F3F2CF17F1)
[2026-03-01 07:08:42] ALERT SENT (with image): 134168153090000000 to 120363425241827782@g.us for regions: ראשון לציון - מערב
[2026-03-01 07:08:42] Alert processed: 134168153090000000
[2026-03-01 07:09:09] DUPLICATE CONTENT SKIPPED: 134168153330000000 (exact match within 2 min)
[2026-03-01 07:09:36] DUPLICATE CONTENT SKIPPED: 134168153660000000 (exact match within 2 min)
Sent neveyam-guardian.jpg to 120363425241827782@g.us (id 3EB0DEECBD0CE2A978440F)
[2026-03-01 07:21:09] ALERT SENT (with image): 134168160400000000 to 120363425241827782@g.us for regions: ראשון לציון - מערב
[2026-03-01 07:21:09] Alert processed: 134168160400000000
[2026-03-01 07:21:36] DUPLICATE CONTENT SKIPPED: 134168160890000000 (exact match within 2 min)
Sent neveyam-guardian.jpg to 120363425241827782@g.us (id 3EB09C40DFD51218E3192E)
[2026-03-01 08:49:47] ALERT SENT (with image): 134168213560000000 to 120363425241827782@g.us for regions: ראשון לציון - מערב
[2026-03-01 08:49:47] Alert processed: 134168213560000000
Sent neveyam-guardian.jpg to 120363425241827782@g.us (id 3EB064E9B8BBD9E9B5644E)
[2026-03-01 09:11:59] ALERT SENT (with image): 134168226950000000 to 120363425241827782@g.us for regions: ראשון לציון - מערב
[2026-03-01 09:11:59] Alert processed: 134168226950000000
Sent neveyam-guardian.jpg to 120363425241827782@g.us (id 3EB0F299F46307C493678C)
[2026-03-01 09:59:48] ALERT SENT (with image): 134168255720000000 to 120363425241827782@g.us for regions: ראשון לציון - מערב
[2026-03-01 09:59:48] Alert processed: 134168255720000000
Sent neveyam-guardian.jpg to 120363425241827782@g.us (id 3EB01C3307F765DF0CA64D)
[2026-03-01 10:06:54] ALERT SENT (with image): 134168259890000000 to 120363425241827782@g.us for regions: ראשון לציון - מערב
[2026-03-01 10:06:54] Alert processed: 134168259890000000
[2026-03-01 10:07:54] DUPLICATE CONTENT SKIPPED: 134168260600000000 (exact match within 2 min)
[ERROR] 2026-03-01T10:16:29+02:00 SessionCipher.go:310 ▶  Unable to get or create message keys: received message with old counter (index: 584, count: 583)
Sent neveyam-guardian.jpg to 120363425241827782@g.us (id 3EB072400C6C0BF4C3F2CF)
[2026-03-01 10:16:30] ALERT SENT (with image): 134168265770000000 to 120363425241827782@g.us for regions: ראשון לציון - מערב
[2026-03-01 10:16:30] Alert processed: 134168265770000000
[2026-03-01 10:17:01] DUPLICATE CONTENT SKIPPED: 134168266120000000 (exact match within 2 min)
[2026-03-01 10:17:31] DUPLICATE CONTENT SKIPPED: 134168266460000000 (exact match within 2 min)
Sent neveyam-guardian.jpg to 120363425241827782@g.us (id 3EB06F2C96D7869DAB3828)
[2026-03-01 10:37:40] ALERT SENT (with image): 134168278520000000 to 120363425241827782@g.us for regions: ראשון לציון - מערב
[2026-03-01 10:37:40] Alert processed: 134168278520000000
[2026-03-01 10:38:10] DUPLICATE CONTENT SKIPPED: 134168278570000000 (exact match within 2 min)
[2026-03-01 10:38:40] DUPLICATE CONTENT SKIPPED: 134168279160000000 (exact match within 2 min)
[ERROR] 2026-03-01T12:38:34+02:00 SessionCipher.go:310 ▶  Unable to get or create message keys: received message with old counter (index: 617, count: 616)
Sent neveyam-guardian.jpg to 972507652692-1560697670@g.us (id 3EB0EDDADD9D6BAACC4156)
[2026-03-01 12:38:48] ALERT SENT (with image): 134168351070000000 to 972507652692-1560697670@g.us for regions: ראשון לציון - מערב
[2026-03-01 12:38:48] Alert processed: 134168351070000000
[2026-03-01 12:38:58] DUPLICATE CONTENT SKIPPED: 134168351080000000 (exact match within 2 min)
[2026-03-01 12:39:07] DUPLICATE CONTENT SKIPPED: 134168351080000000 (exact match within 2 min)
[2026-03-01 12:39:17] DUPLICATE CONTENT SKIPPED: 134168351540000000 (exact match within 2 min)
[2026-03-01 12:39:28] DUPLICATE CONTENT SKIPPED: 134168351610000000 (exact match within 2 min)
[ERROR] 2026-03-01T12:49:25+02:00 SessionCipher.go:310 ▶  Unable to get or create message keys: received message with old counter (index: 9, count: 7)
[ERROR] 2026-03-01T12:49:25+02:00 SessionCipher.go:310 ▶  Unable to get or create message keys: received message with old counter (index: 9, count: 8)
[ERROR] 2026-03-01T12:49:25+02:00 SessionCipher.go:310 ▶  Unable to get or create message keys: received message with old counter (index: 137, count: 136)
Sent neveyam-guardian.jpg to 972507652692-1560697670@g.us (id 3EB051A5EE6BE1C05C11F9)
[2026-03-01 12:49:29] ALERT SENT (with image): 134168357560000000 to 972507652692-1560697670@g.us for regions: ראשון לציון - מערב
[2026-03-01 12:49:29] Alert processed: 134168357560000000
[2026-03-01 12:49:39] DUPLICATE CONTENT SKIPPED: 134168357650000000 (exact match within 2 min)
[2026-03-01 12:49:49] DUPLICATE CONTENT SKIPPED: 134168357650000000 (exact match within 2 min)
[2026-03-01 12:50:00] DUPLICATE CONTENT SKIPPED: 134168357650000000 (exact match within 2 min)
[2026-03-01 12:50:09] DUPLICATE CONTENT SKIPPED: 134168357650000000 (exact match within 2 min)
[2026-03-01 12:50:19] DUPLICATE CONTENT SKIPPED: 134168357650000000 (exact match within 2 min)
[2026-03-01 12:50:29] DUPLICATE CONTENT SKIPPED: 134168358180000000 (exact match within 2 min)
Sent neveyam-guardian.jpg to 972507652692-1560697670@g.us (id 3EB0F075305EEA72CF2BB4)
[2026-03-01 13:01:49] ALERT SENT (with image): 134168364960000000 to 972507652692-1560697670@g.us for regions: ראשון לציון - מערב
[2026-03-01 13:01:49] Alert processed: 134168364960000000
[2026-03-01 13:02:38] DUPLICATE CONTENT SKIPPED: 134168365550000000 (exact match within 2 min)
Sent neveyam-guardian.jpg to 972507652692-1560697670@g.us (id 3EB01A45F14423E1C53DD7)
[2026-03-01 13:22:13] ALERT SENT (with image): 134168377190000000 to 972507652692-1560697670@g.us for regions: ראשון לציון - מערב
[2026-03-01 13:22:13] Alert processed: 134168377190000000
[2026-03-01 13:23:02] DUPLICATE CONTENT SKIPPED: 134168377740000000 (exact match within 2 min)
[ERROR] 2026-03-01T13:28:31+02:00 SessionCipher.go:310 ▶  Unable to get or create message keys: received message with old counter (index: 462, count: 461)
[ERROR] 2026-03-01T13:28:31+02:00 SessionCipher.go:310 ▶  Unable to get or create message keys: received message with old counter (index: 38, count: 37)
Sent neveyam-guardian.jpg to 972507652692-1560697670@g.us (id 3EB0F6BFF900B8B56D5631)
[2026-03-01 13:28:36] ALERT SENT (with image): 134168381040000000 to 972507652692-1560697670@g.us for regions: ראשון לציון - מערב
[2026-03-01 13:28:36] Alert processed: 134168381040000000
[2026-03-01 13:28:45] DUPLICATE CONTENT SKIPPED: 134168381160000000 (exact match within 2 min)
[2026-03-01 13:28:55] DUPLICATE CONTENT SKIPPED: 134168381240000000 (exact match within 2 min)
[2026-03-01 13:29:05] DUPLICATE CONTENT SKIPPED: 134168381340000000 (exact match within 2 min)
[2026-03-01 13:29:14] DUPLICATE CONTENT SKIPPED: 134168381390000000 (exact match within 2 min)
[2026-03-01 13:29:25] DUPLICATE CONTENT SKIPPED: 134168381550000000 (exact match within 2 min)
[2026-03-01 13:29:35] DUPLICATE CONTENT SKIPPED: 134168381550000000 (exact match within 2 min)
[2026-03-01 13:29:44] DUPLICATE CONTENT SKIPPED: 134168381730000000 (exact match within 2 min)
[2026-03-01 13:29:55] DUPLICATE CONTENT SKIPPED: 134168381730000000 (exact match within 2 min)
Sent neveyam-guardian.jpg to 972507652692-1560697670@g.us (id 3EB0C283F1C9C9B6ECEC61)
[2026-03-01 13:35:47] ALERT SENT (with image): 134168385320000000 to 972507652692-1560697670@g.us for regions: ראשון לציון - מערב
[2026-03-01 13:35:47] Alert processed: 134168385320000000
[2026-03-01 13:35:58] DUPLICATE CONTENT SKIPPED: 134168385470000000 (exact match within 2 min)
[2026-03-01 13:36:07] DUPLICATE CONTENT SKIPPED: 134168385560000000 (exact match within 2 min)
[2026-03-01 13:36:17] DUPLICATE CONTENT SKIPPED: 134168385660000000 (exact match within 2 min)
[2026-03-01 13:36:27] DUPLICATE CONTENT SKIPPED: 134168385810000000 (exact match within 2 min)
[2026-03-01 13:36:36] DUPLICATE CONTENT SKIPPED: 134168385810000000 (exact match within 2 min)
[2026-03-01 13:36:47] DUPLICATE CONTENT SKIPPED: 134168386010000000 (exact match within 2 min)
[2026-03-01 13:36:57] DUPLICATE CONTENT SKIPPED: 134168386110000000 (exact match within 2 min)
[2026-03-01 13:37:06] DUPLICATE CONTENT SKIPPED: 134168386170000000 (exact match within 2 min)
[2026-03-01 13:37:16] DUPLICATE CONTENT SKIPPED: 134168386240000000 (exact match within 2 min)
Sent neveyam-guardian.jpg to 972507652692-1560697670@g.us (id 3EB0301A7A73A5C892A51F)
[2026-03-01 14:03:55] ALERT SENT (with image): 134168402200000000 to 972507652692-1560697670@g.us for regions: ראשון לציון - מערב
[2026-03-01 14:03:55] Alert processed: 134168402200000000
[2026-03-01 14:04:05] DUPLICATE CONTENT SKIPPED: 134168402210000000 (exact match within 2 min)
[2026-03-01 14:04:14] DUPLICATE CONTENT SKIPPED: 134168402210000000 (exact match within 2 min)
[2026-03-01 14:04:24] DUPLICATE CONTENT SKIPPED: 134168402210000000 (exact match within 2 min)
[2026-03-01 14:04:35] DUPLICATE CONTENT SKIPPED: 134168402210000000 (exact match within 2 min)
[2026-03-01 14:04:44] DUPLICATE CONTENT SKIPPED: 134168402770000000 (exact match within 2 min)
[ERROR] 2026-03-01T21:05:48+02:00 SessionCipher.go:310 ▶  Unable to get or create message keys: received message with old counter (index: 1505, count: 1502)
[ERROR] 2026-03-01T21:05:48+02:00 SessionCipher.go:310 ▶  Unable to get or create message keys: received message with old counter (index: 104, count: 103)
[ERROR] 2026-03-01T21:05:48+02:00 SessionCipher.go:310 ▶  Unable to get or create message keys: received message with old counter (index: 1505, count: 1503)
[ERROR] 2026-03-01T21:05:48+02:00 SessionCipher.go:310 ▶  Unable to get or create message keys: received message with old counter (index: 1505, count: 1504)
Sent neveyam-guardian.jpg to 972507652692-1560697670@g.us (id 3EB03C754C57759659D00C)
[2026-03-01 21:05:52] ALERT SENT (with image): 134168655350000000 to 972507652692-1560697670@g.us for regions: ראשון לציון - מערב
[2026-03-01 21:05:52] Alert processed: 134168655350000000
[2026-03-01 21:06:28] DUPLICATE CONTENT SKIPPED: 134168655830000000 (exact match within 2 min)
[ERROR] 2026-03-01T21:08:25+02:00 SessionCipher.go:310 ▶  Unable to get or create message keys: received message with old counter (index: 55, count: 53)
[ERROR] 2026-03-01T21:08:25+02:00 SessionCipher.go:310 ▶  Unable to get or create message keys: received message with old counter (index: 55, count: 54)
[ERROR] 2026-03-01T21:08:25+02:00 SessionCipher.go:310 ▶  Unable to get or create message keys: received message with old counter (index: 29, count: 28)
Sent neveyam-guardian.jpg to 972507652692-1560697670@g.us (id 3EB025EF84E6EEBD5C5E79)
[2026-03-01 21:08:29] ALERT SENT (with image): 134168656980000000 to 972507652692-1560697670@g.us for regions: ראשון לציון - מערב
[2026-03-01 21:08:29] Alert processed: 134168656980000000
[2026-03-01 21:08:39] DUPLICATE CONTENT SKIPPED: 134168657080000000 (exact match within 2 min)
[2026-03-01 21:08:50] DUPLICATE CONTENT SKIPPED: 134168657170000000 (exact match within 2 min)
[2026-03-01 21:08:58] DUPLICATE CONTENT SKIPPED: 134168657170000000 (exact match within 2 min)
[2026-03-01 21:09:08] DUPLICATE CONTENT SKIPPED: 134168657170000000 (exact match within 2 min)
[2026-03-01 21:09:18] DUPLICATE CONTENT SKIPPED: 134168657170000000 (exact match within 2 min)
Sent neveyam-guardian.jpg to 972507652692-1560697670@g.us (id 3EB051E57B4B1CE4366874)
[2026-03-01 21:15:36] ALERT SENT (with image): 134168661250000000 to 972507652692-1560697670@g.us for regions: ראשון לציון - מערב
[2026-03-01 21:15:36] Alert processed: 134168661250000000
[2026-03-01 21:15:46] DUPLICATE CONTENT SKIPPED: 134168661260000000 (exact match within 2 min)
[2026-03-01 21:15:54] DUPLICATE CONTENT SKIPPED: 134168661490000000 (exact match within 2 min)
[2026-03-01 21:16:04] DUPLICATE CONTENT SKIPPED: 134168661550000000 (exact match within 2 min)
[ERROR] 2026-03-01T21:38:01+02:00 SessionCipher.go:310 ▶  Unable to get or create message keys: received message with old counter (index: 1553, count: 1552)
Sent neveyam-guardian.jpg to 972507652692-1560697670@g.us (id 3EB08EE4EE022D8DBF57E0)
[2026-03-01 21:38:05] ALERT SENT (with image): 134168674730000000 to 972507652692-1560697670@g.us for regions: ראשון לציון - מערב
[2026-03-01 21:38:05] Alert processed: 134168674730000000
[2026-03-01 21:38:15] DUPLICATE CONTENT SKIPPED: 134168674750000000 (exact match within 2 min)
[2026-03-01 21:38:25] DUPLICATE CONTENT SKIPPED: 134168674750000000 (exact match within 2 min)
[2026-03-01 21:38:33] DUPLICATE CONTENT SKIPPED: 134168674750000000 (exact match within 2 min)
[2026-03-01 21:38:43] DUPLICATE CONTENT SKIPPED: 134168674750000000 (exact match within 2 min)
[2026-03-01 21:38:53] DUPLICATE CONTENT SKIPPED: 134168674750000000 (exact match within 2 min)
[2026-03-01 21:39:02] DUPLICATE CONTENT SKIPPED: 134168675320000000 (exact match within 2 min)
[ERROR] 2026-03-01T22:28:14+02:00 SessionCipher.go:310 ▶  Unable to get or create message keys: received message with old counter (index: 586, count: 584)
[ERROR] 2026-03-01T22:28:14+02:00 SessionCipher.go:310 ▶  Unable to get or create message keys: received message with old counter (index: 586, count: 585)
Sent neveyam-guardian.jpg to 972507652692-1560697670@g.us (id 3EB000724839FD9DDC672F)
[2026-03-01 22:28:19] ALERT SENT (with image): 134168704850000000 to 972507652692-1560697670@g.us for regions: ראשון לציון - מערב
[2026-03-01 22:28:19] Alert processed: 134168704850000000
[2026-03-01 22:28:30] DUPLICATE CONTENT SKIPPED: 134168704870000000 (exact match within 2 min)
[2026-03-01 22:28:38] DUPLICATE CONTENT SKIPPED: 134168704870000000 (exact match within 2 min)
[2026-03-01 22:28:48] DUPLICATE CONTENT SKIPPED: 134168704870000000 (exact match within 2 min)
[2026-03-01 22:28:58] DUPLICATE CONTENT SKIPPED: 134168704870000000 (exact match within 2 min)
[2026-03-01 22:29:09] DUPLICATE CONTENT SKIPPED: 134168705430000000 (exact match within 2 min)
[ERROR] 2026-03-01T22:49:07+02:00 SessionCipher.go:310 ▶  Unable to get or create message keys: received message with old counter (index: 185, count: 184)
Sent neveyam-guardian.jpg to 972507652692-1560697670@g.us (id 3EB0356529779F2D56B602)
[2026-03-01 22:49:12] ALERT SENT (with image): 134168717380000000 to 972507652692-1560697670@g.us for regions: ראשון לציון - מערב
[2026-03-01 22:49:12] Alert processed: 134168717380000000
Sent neveyam-guardian.jpg to 972507652692-1560697670@g.us (id 3EB07E0AD039145DA86758)
[2026-03-02 07:02:28] ALERT SENT (with image): 134169013340000000 to 972507652692-1560697670@g.us for regions: ראשון לציון - מערב
[2026-03-02 07:02:28] Alert processed: 134169013340000000
[2026-03-02 07:02:35] DUPLICATE CONTENT SKIPPED: 134169013480000000 (exact match within 2 min)
[2026-03-02 07:02:45] DUPLICATE CONTENT SKIPPED: 134169013580000000 (exact match within 2 min)
[2026-03-02 07:02:55] DUPLICATE CONTENT SKIPPED: 134169013580000000 (exact match within 2 min)
[2026-03-02 07:03:03] DUPLICATE CONTENT SKIPPED: 134169013790000000 (exact match within 2 min)
[2026-03-02 07:03:13] DUPLICATE CONTENT SKIPPED: 134169013850000000 (exact match within 2 min)
Sent neveyam-guardian.jpg to 972507652692-1560697670@g.us (id 3EB0E2DE8DABC75E8787C4)
[2026-03-02 07:24:02] ALERT SENT (with image): 134169026270000000 to 972507652692-1560697670@g.us for regions: ראשון לציון - מערב
[2026-03-02 07:24:02] Alert processed: 134169026270000000
[2026-03-02 07:24:10] DUPLICATE CONTENT SKIPPED: 134169026380000000 (exact match within 2 min)
[2026-03-02 07:24:20] DUPLICATE CONTENT SKIPPED: 134169026380000000 (exact match within 2 min)
[2026-03-02 07:24:30] DUPLICATE CONTENT SKIPPED: 134169026380000000 (exact match within 2 min)
[2026-03-02 07:24:38] DUPLICATE CONTENT SKIPPED: 134169026660000000 (exact match within 2 min)
[2026-03-02 07:24:48] DUPLICATE CONTENT SKIPPED: 134169026820000000 (exact match within 2 min)
[2026-03-02 07:24:58] DUPLICATE CONTENT SKIPPED: 134169026890000000 (exact match within 2 min)
[ERROR] 2026-03-02T07:30:43+02:00 SessionCipher.go:310 ▶  Unable to get or create message keys: received message with old counter (index: 804, count: 802)
[ERROR] 2026-03-02T07:30:43+02:00 SessionCipher.go:310 ▶  Unable to get or create message keys: received message with old counter (index: 747, count: 746)
[ERROR] 2026-03-02T07:30:43+02:00 SessionCipher.go:310 ▶  Unable to get or create message keys: received message with old counter (index: 804, count: 803)
[ERROR] 2026-03-02T07:30:43+02:00 SessionCipher.go:310 ▶  Unable to get or create message keys: received message with old counter (index: 7, count: 6)
Sent neveyam-guardian.jpg to 972507652692-1560697670@g.us (id 3EB053B38E9FDB0FC9F21C)
[2026-03-02 07:30:47] ALERT SENT (with image): 134169030280000000 to 972507652692-1560697670@g.us for regions: ראשון לציון - מערב
[2026-03-02 07:30:47] Alert processed: 134169030280000000
[2026-03-02 07:31:25] DUPLICATE CONTENT SKIPPED: 134169030790000000 (exact match within 2 min)
[2026-03-02 07:31:35] DUPLICATE CONTENT SKIPPED: 134169030900000000 (exact match within 2 min)
Sent neveyam-guardian.jpg to 972507652692-1560697670@g.us (id 3EB077D850D6CAE1616A8E)
[2026-03-02 08:05:10] ALERT SENT (with image): 134169050970000000 to 972507652692-1560697670@g.us for regions: ראשון לציון - מערב
[2026-03-02 08:05:10] Alert processed: 134169050970000000
[2026-03-02 08:06:01] DUPLICATE CONTENT SKIPPED: 134169051530000000 (exact match within 2 min)
Sent neveyam-guardian.jpg to 972507652692-1560697670@g.us (id 3EB0BEA0E7E3A45CE752A4)
[2026-03-02 12:02:36] ALERT SENT (with image): 134169193330000000 to 972507652692-1560697670@g.us for regions: ראשון לציון - מערב
[2026-03-02 12:02:36] Alert processed: 134169193330000000
[2026-03-02 12:03:15] DUPLICATE CONTENT SKIPPED: 134169193880000000 (exact match within 2 min)
[ERROR] 2026-03-02T12:09:36+02:00 SessionCipher.go:310 ▶  Unable to get or create message keys: received message with old counter (index: 909, count: 908)
[ERROR] 2026-03-02T12:09:36+02:00 SessionCipher.go:310 ▶  Unable to get or create message keys: received message with old counter (index: 6, count: 4)
[ERROR] 2026-03-02T12:09:36+02:00 SessionCipher.go:310 ▶  Unable to get or create message keys: received message with old counter (index: 6, count: 5)
[ERROR] 2026-03-02T12:09:36+02:00 SessionCipher.go:310 ▶  Unable to get or create message keys: received message with old counter (index: 1620, count: 1619)
Sent neveyam-guardian.jpg to 972507652692-1560697670@g.us (id 3EB05F6765F414D9A56828)
[2026-03-02 12:09:40] ALERT SENT (with image): 134169197660000000 to 972507652692-1560697670@g.us for regions: ראשון לציון - מערב
[2026-03-02 12:09:40] Alert processed: 134169197660000000
[2026-03-02 12:09:50] DUPLICATE CONTENT SKIPPED: 134169197840000000 (exact match within 2 min)
[2026-03-02 12:10:00] DUPLICATE CONTENT SKIPPED: 134169197840000000 (exact match within 2 min)
[2026-03-02 12:10:10] DUPLICATE CONTENT SKIPPED: 134169197970000000 (exact match within 2 min)
[2026-03-02 12:10:20] DUPLICATE CONTENT SKIPPED: 134169198130000000 (exact match within 2 min)
[2026-03-02 12:10:30] DUPLICATE CONTENT SKIPPED: 134169198250000000 (exact match within 2 min)
[2026-03-02 12:10:40] DUPLICATE CONTENT SKIPPED: 134169198250000000 (exact match within 2 min)
[2026-03-02 12:10:50] DUPLICATE CONTENT SKIPPED: 134169198440000000 (exact match within 2 min)
[2026-03-02 12:11:00] DUPLICATE CONTENT SKIPPED: 134169198440000000 (exact match within 2 min)
[2026-03-02 12:11:10] DUPLICATE CONTENT SKIPPED: 134169198620000000 (exact match within 2 min)
[ERROR] 2026-03-02T12:24:28+02:00 SessionCipher.go:310 ▶  Unable to get or create message keys: received message with old counter (index: 395, count: 394)
Sent neveyam-guardian.jpg to 972507652692-1560697670@g.us (id 3EB04C62C6A2A6B0D13322)
[2026-03-02 12:24:33] ALERT SENT (with image): 134169206590000000 to 972507652692-1560697670@g.us for regions: ראשון לציון - מערב
[2026-03-02 12:24:33] Alert processed: 134169206590000000
[2026-03-02 12:24:42] DUPLICATE CONTENT SKIPPED: 134169206620000000 (exact match within 2 min)
[2026-03-02 12:24:53] DUPLICATE CONTENT SKIPPED: 134169206620000000 (exact match within 2 min)
[2026-03-02 12:25:03] DUPLICATE CONTENT SKIPPED: 134169206620000000 (exact match within 2 min)
[2026-03-02 12:25:12] DUPLICATE CONTENT SKIPPED: 134169206620000000 (exact match within 2 min)
[2026-03-02 12:25:22] DUPLICATE CONTENT SKIPPED: 134169206620000000 (exact match within 2 min)
[ERROR] 2026-03-02T12:31:32+02:00 SessionCipher.go:310 ▶  Unable to get or create message keys: received message with old counter (index: 119, count: 117)
[ERROR] 2026-03-02T12:31:32+02:00 SessionCipher.go:310 ▶  Unable to get or create message keys: received message with old counter (index: 969, count: 968)
[ERROR] 2026-03-02T12:31:32+02:00 SessionCipher.go:310 ▶  Unable to get or create message keys: received message with old counter (index: 119, count: 118)
[ERROR] 2026-03-02T12:31:32+02:00 SessionCipher.go:310 ▶  Unable to get or create message keys: received message with old counter (index: 7, count: 6)
Sent neveyam-guardian.jpg to 972507652692-1560697670@g.us (id 3EB0516AFE8EA3E1B20070)
[2026-03-02 12:31:36] ALERT SENT (with image): 134169210850000000 to 972507652692-1560697670@g.us for regions: ראשון לציון - מערב
[2026-03-02 12:31:36] Alert processed: 134169210850000000
Sent neveyam-guardian.jpg to 972507652692-1560697670@g.us (id 3EB01F4B1D6997CDA3A215)
[2026-03-02 12:35:22] ALERT SENT (with image): 134169213070000000 to 972507652692-1560697670@g.us for regions: ראשון לציון - מערב
[2026-03-02 12:35:22] Alert processed: 134169213070000000
[2026-03-02 12:35:32] DUPLICATE CONTENT SKIPPED: 134169213220000000 (exact match within 2 min)
[2026-03-02 12:35:42] DUPLICATE CONTENT SKIPPED: 134169213350000000 (exact match within 2 min)
[2026-03-02 12:35:52] DUPLICATE CONTENT SKIPPED: 134169213400000000 (exact match within 2 min)
[2026-03-02 12:36:02] DUPLICATE CONTENT SKIPPED: 134169213560000000 (exact match within 2 min)
[2026-03-02 12:36:12] DUPLICATE CONTENT SKIPPED: 134169213560000000 (exact match within 2 min)
[2026-03-02 12:36:22] DUPLICATE CONTENT SKIPPED: 134169213660000000 (exact match within 2 min)
[2026-03-02 12:36:32] DUPLICATE CONTENT SKIPPED: 134169213790000000 (exact match within 2 min)
[2026-03-02 12:36:42] DUPLICATE CONTENT SKIPPED: 134169213880000000 (exact match within 2 min)
[2026-03-02 12:36:51] DUPLICATE CONTENT SKIPPED: 134169213880000000 (exact match within 2 min)
Sent neveyam-guardian.jpg to 972507652692-1560697670@g.us (id 3EB013C6CCBB7AE3A5078C)
[2026-03-02 13:03:59] ALERT SENT (with image): 134169230190000000 to 972507652692-1560697670@g.us for regions: ראשון לציון - מערב
[2026-03-02 13:03:59] Alert processed: 134169230190000000
[2026-03-02 13:04:38] DUPLICATE CONTENT SKIPPED: 134169230740000000 (exact match within 2 min)
[ERROR] 2026-03-02T17:26:22+02:00 SessionCipher.go:310 ▶  Unable to get or create message keys: received message with old counter (index: 17, count: 16)
[ERROR] 2026-03-02T17:26:22+02:00 SessionCipher.go:310 ▶  Unable to get or create message keys: received message with old counter (index: 845, count: 843)
[ERROR] 2026-03-02T17:26:22+02:00 SessionCipher.go:310 ▶  Unable to get or create message keys: received message with old counter (index: 845, count: 844)
Sent neveyam-guardian.jpg to 972507652692-1560697670@g.us (id 3EB0270864C62DCCC39AE1)
[2026-03-02 17:26:26] ALERT SENT (with image): 134169387700000000 to 972507652692-1560697670@g.us for regions: ראשון לציון - מערב
[2026-03-02 17:26:26] Alert processed: 134169387700000000
[2026-03-02 17:26:36] DUPLICATE CONTENT SKIPPED: 134169387820000000 (exact match within 2 min)
[2026-03-02 17:26:45] DUPLICATE CONTENT SKIPPED: 134169387820000000 (exact match within 2 min)
[2026-03-02 17:26:55] DUPLICATE CONTENT SKIPPED: 134169387820000000 (exact match within 2 min)
[2026-03-02 17:27:06] DUPLICATE CONTENT SKIPPED: 134169387820000000 (exact match within 2 min)
[2026-03-02 17:27:15] DUPLICATE CONTENT SKIPPED: 134169388280000000 (exact match within 2 min)
Sent neveyam-guardian.jpg to 972507652692-1560697670@g.us (id 3EB09FF2B8067D4CA36FF9)
[2026-03-02 17:37:28] ALERT SENT (with image): 134169394290000000 to 972507652692-1560697670@g.us for regions: ראשון לציון - מערב
[2026-03-02 17:37:28] Alert processed: 134169394290000000
[2026-03-02 17:37:40] DUPLICATE CONTENT SKIPPED: 134169394420000000 (exact match within 2 min)
[2026-03-02 17:37:50] DUPLICATE CONTENT SKIPPED: 134169394420000000 (exact match within 2 min)
[2026-03-02 17:37:58] DUPLICATE CONTENT SKIPPED: 134169394420000000 (exact match within 2 min)
[2026-03-02 17:38:09] DUPLICATE CONTENT SKIPPED: 134169394420000000 (exact match within 2 min)
[2026-03-02 17:38:19] DUPLICATE CONTENT SKIPPED: 134169394420000000 (exact match within 2 min)
[2026-03-02 17:38:29] DUPLICATE CONTENT SKIPPED: 134169394420000000 (exact match within 2 min)
[2026-03-02 17:38:37] DUPLICATE CONTENT SKIPPED: 134169394420000000 (exact match within 2 min)
[2026-03-02 17:38:48] DUPLICATE CONTENT SKIPPED: 134169394420000000 (exact match within 2 min)
[2026-03-02 17:38:58] DUPLICATE CONTENT SKIPPED: 134169394420000000 (exact match within 2 min)
Sent neveyam-guardian.jpg to 972507652692-1560697670@g.us (id 3EB045469369561F0C5D42)
[2026-03-02 17:48:21] ALERT SENT (with image): 134169400880000000 to 972507652692-1560697670@g.us for regions: ראשון לציון - מערב
[2026-03-02 17:48:21] Alert processed: 134169400880000000
[2026-03-02 17:48:32] DUPLICATE CONTENT SKIPPED: 134169400930000000 (exact match within 2 min)
[2026-03-02 17:48:42] DUPLICATE CONTENT SKIPPED: 134169400930000000 (exact match within 2 min)
[2026-03-02 17:48:50] DUPLICATE CONTENT SKIPPED: 134169400930000000 (exact match within 2 min)
[2026-03-02 17:49:00] DUPLICATE CONTENT SKIPPED: 134169400930000000 (exact match within 2 min)
[2026-03-02 17:49:11] DUPLICATE CONTENT SKIPPED: 134169401430000000 (exact match within 2 min)
[2026-03-02 17:49:19] DUPLICATE CONTENT SKIPPED: 134169401520000000 (exact match within 2 min)
Sent neveyam-guardian.jpg to 972507652692-1560697670@g.us (id 3EB0A07388FF064C36A22A)
[2026-03-03 00:38:49] ALERT SENT (with image): 134169647120000000 to 972507652692-1560697670@g.us for regions: ראשון לציון - מערב
[2026-03-03 00:38:49] Alert processed: 134169647120000000
[2026-03-03 00:38:59] DUPLICATE CONTENT SKIPPED: 134169647260000000 (exact match within 2 min)
[2026-03-03 00:39:45] DUPLICATE CONTENT SKIPPED: 134169647790000000 (exact match within 2 min)
Sent neveyam-guardian.jpg to 972507652692-1560697670@g.us (id 3EB04E44ADCE8834F5B78D)
[2026-03-03 00:42:04] ALERT SENT (with image): 134169649100000000 to 972507652692-1560697670@g.us for regions: ראשון לציון - מערב
[2026-03-03 00:42:04] Alert processed: 134169649100000000
[2026-03-03 00:42:12] DUPLICATE CONTENT SKIPPED: 134169649170000000 (exact match within 2 min)
[2026-03-03 00:42:22] DUPLICATE CONTENT SKIPPED: 134169649350000000 (exact match within 2 min)
[2026-03-03 00:42:32] DUPLICATE CONTENT SKIPPED: 134169649420000000 (exact match within 2 min)
[2026-03-03 00:42:40] DUPLICATE CONTENT SKIPPED: 134169649420000000 (exact match within 2 min)
[2026-03-03 00:42:50] DUPLICATE CONTENT SKIPPED: 134169649630000000 (exact match within 2 min)
[2026-03-03 00:43:00] DUPLICATE CONTENT SKIPPED: 134169649660000000 (exact match within 2 min)
[2026-03-03 00:43:08] DUPLICATE CONTENT SKIPPED: 134169649780000000 (exact match within 2 min)
[2026-03-03 00:43:18] DUPLICATE CONTENT SKIPPED: 134169649940000000 (exact match within 2 min)
[2026-03-03 00:43:28] DUPLICATE CONTENT SKIPPED: 134169650000000000 (exact match within 2 min)
Sent neveyam-guardian.jpg to 972507652692-1560697670@g.us (id 3EB0E70B8CFB909CCAC7C5)
[2026-03-03 00:59:22] ALERT SENT (with image): 134169659480000000 to 972507652692-1560697670@g.us for regions: ראשון לציון - מערב
[2026-03-03 00:59:22] Alert processed: 134169659480000000
[2026-03-03 00:59:30] DUPLICATE CONTENT SKIPPED: 134169659530000000 (exact match within 2 min)
[2026-03-03 00:59:40] DUPLICATE CONTENT SKIPPED: 134169659530000000 (exact match within 2 min)
[2026-03-03 00:59:50] DUPLICATE CONTENT SKIPPED: 134169659810000000 (exact match within 2 min)
[2026-03-03 01:00:01] DUPLICATE CONTENT SKIPPED: 134169659810000000 (exact match within 2 min)
[2026-03-03 01:00:08] DUPLICATE CONTENT SKIPPED: 134169659810000000 (exact match within 2 min)
[2026-03-03 01:00:18] DUPLICATE CONTENT SKIPPED: 134169660100000000 (exact match within 2 min)
Sent neveyam-guardian.jpg to 972507652692-1560697670@g.us (id 3EB0AC23292081699A2E10)
[2026-03-03 11:13:21] ALERT SENT (with image): 134170027830000000 to 972507652692-1560697670@g.us for regions: ראשון לציון - מערב
[2026-03-03 11:13:21] Alert processed: 134170027830000000
[2026-03-03 11:13:31] DUPLICATE CONTENT SKIPPED: 134170028020000000 (exact match within 2 min)
[2026-03-03 11:13:40] DUPLICATE CONTENT SKIPPED: 134170028110000000 (exact match within 2 min)
[2026-03-03 11:13:50] DUPLICATE CONTENT SKIPPED: 134170028110000000 (exact match within 2 min)
[2026-03-03 11:14:00] DUPLICATE CONTENT SKIPPED: 134170028350000000 (exact match within 2 min)
[2026-03-03 11:14:10] DUPLICATE CONTENT SKIPPED: 134170028350000000 (exact match within 2 min)
[2026-03-03 11:14:20] DUPLICATE CONTENT SKIPPED: 134170028490000000 (exact match within 2 min)
[2026-03-03 11:14:30] DUPLICATE CONTENT SKIPPED: 134170028640000000 (exact match within 2 min)
[2026-03-03 11:14:40] DUPLICATE CONTENT SKIPPED: 134170028640000000 (exact match within 2 min)
Sent neveyam-guardian.jpg to 972507652692-1560697670@g.us (id 3EB0326E5969B26D7378EE)
[2026-03-03 11:26:20] ALERT SENT (with image): 134170035660000000 to 972507652692-1560697670@g.us for regions: ראשון לציון - מערב
[2026-03-03 11:26:20] Alert processed: 134170035660000000
[2026-03-03 11:27:10] DUPLICATE CONTENT SKIPPED: 134170036200000000 (exact match within 2 min)
Sent neveyam-guardian.jpg to 972507652692-1560697670@g.us (id 3EB0565DD2A04773AA4137)
[2026-03-03 12:22:22] ALERT SENT (with image): 134170069270000000 to 972507652692-1560697670@g.us for regions: ראשון לציון - מערב
[2026-03-03 12:22:22] Alert processed: 134170069270000000
[2026-03-03 12:23:02] DUPLICATE CONTENT SKIPPED: 134170069750000000 (exact match within 2 min)
[2026-03-03 12:23:12] DUPLICATE CONTENT SKIPPED: 134170069870000000 (exact match within 2 min)
[ERROR] 2026-03-03T12:30:58+02:00 SessionCipher.go:310 ▶  Unable to get or create message keys: received message with old counter (index: 1176, count: 1175)
Sent neveyam-guardian.jpg to 972507652692-1560697670@g.us (id 3EB05811A3787F1BDDF543)
[2026-03-03 12:31:04] ALERT SENT (with image): 134170074480000000 to 972507652692-1560697670@g.us for regions: ראשון לציון - מערב
[2026-03-03 12:31:04] Alert processed: 134170074480000000
[ERROR] 2026-03-03T12:43:35+02:00 SessionCipher.go:310 ▶  Unable to get or create message keys: received message with old counter (index: 1250, count: 1248)
[ERROR] 2026-03-03T12:43:35+02:00 SessionCipher.go:310 ▶  Unable to get or create message keys: received message with old counter (index: 1250, count: 1249)
Sent neveyam-guardian.jpg to 972507652692-1560697670@g.us (id 3EB0B2C7CC4A79B1A745C3)
[2026-03-03 12:43:39] ALERT SENT (with image): 134170082040000000 to 972507652692-1560697670@g.us for regions: ראשון לציון - מערב
[2026-03-03 12:43:39] Alert processed: 134170082040000000
[2026-03-03 12:43:49] DUPLICATE CONTENT SKIPPED: 134170082210000000 (exact match within 2 min)
[2026-03-03 12:43:59] DUPLICATE CONTENT SKIPPED: 134170082270000000 (exact match within 2 min)
[2026-03-03 12:44:08] DUPLICATE CONTENT SKIPPED: 134170082400000000 (exact match within 2 min)
[2026-03-03 12:44:18] DUPLICATE CONTENT SKIPPED: 134170082480000000 (exact match within 2 min)
[2026-03-03 12:44:28] DUPLICATE CONTENT SKIPPED: 134170082480000000 (exact match within 2 min)
[2026-03-03 12:44:38] DUPLICATE CONTENT SKIPPED: 134170082710000000 (exact match within 2 min)
