[2026-02-28 18:47:36] Oref Alert Daemon started (PID: 112807)
[2026-02-28 18:47:36] Check interval: 10s | Log interval: 60s
[2026-02-28 18:48:19] Daemon stopping...
[2026-02-28 18:48:21] Oref Alert Daemon started (PID: 113143)
[2026-02-28 18:48:21] Check interval: 30s | Log interval: 60s
[2026-02-28 18:49:47] Status check: 4 checks completed, API healthy
[2026-02-28 18:51:14] Status check: 7 checks completed, API healthy
[2026-02-28 18:52:40] Status check: 10 checks completed, API healthy
[2026-02-28 18:54:06] Status check: 13 checks completed, API healthy
[2026-02-28 18:55:31] Status check: 16 checks completed, API healthy
[2026-02-28 18:56:57] Status check: 19 checks completed, API healthy
[2026-02-28 18:58:23] Status check: 22 checks completed, API healthy
[2026-02-28 18:59:50] Status check: 25 checks completed, API healthy
[2026-02-28 19:01:00] Status check: 27 checks completed, API healthy
[2026-02-28 19:02:06] Status check: 29 checks completed, API healthy
[2026-02-28 19:03:10] Status check: 31 checks completed, API healthy
[2026-02-28 19:04:35] Status check: 34 checks completed, API healthy
[2026-02-28 19:06:14] Status check: 37 checks completed, API healthy
[2026-02-28 19:07:11] Status check: 39 checks completed, API healthy
[2026-02-28 19:08:37] Status check: 42 checks completed, API healthy
[2026-02-28 19:10:04] Status check: 45 checks completed, API healthy
[2026-02-28 19:11:30] Status check: 48 checks completed, API healthy
[2026-02-28 19:12:55] Status check: 51 checks completed, API healthy
[2026-02-28 19:14:21] Status check: 54 checks completed, API healthy
[2026-02-28 19:15:46] Status check: 57 checks completed, API healthy
[2026-02-28 19:17:13] Status check: 60 checks completed, API healthy
[2026-02-28 19:18:45] Status check: 63 checks completed, API healthy
[2026-02-28 19:19:49] Status check: 65 checks completed, API healthy
[2026-02-28 19:21:17] Status check: 68 checks completed, API healthy
[2026-02-28 19:22:42] Status check: 71 checks completed, API healthy
[2026-02-28 19:24:07] Status check: 74 checks completed, API healthy
[2026-02-28 19:25:33] Status check: 77 checks completed, API healthy
[2026-02-28 19:27:04] Status check: 80 checks completed, API healthy
[2026-02-28 19:28:29] Status check: 83 checks completed, API healthy
[2026-02-28 19:29:56] Status check: 86 checks completed, API healthy
[2026-02-28 19:31:22] Status check: 89 checks completed, API healthy
[2026-02-28 19:32:47] Status check: 92 checks completed, API healthy
[2026-02-28 19:34:13] Status check: 95 checks completed, API healthy
[2026-02-28 19:35:38] Status check: 98 checks completed, API healthy
[2026-02-28 19:36:46] Status check: 100 checks completed, API healthy
[2026-02-28 19:37:43] Status check: 102 checks completed, API healthy
[2026-02-28 19:39:09] Status check: 105 checks completed, API healthy
[2026-02-28 19:39:28] Daemon stopping...
[2026-02-28 19:39:28] Oref Alert Daemon started (PID: 215390)
[2026-02-28 19:39:28] Check interval: 30s | Log interval: 60s
[2026-02-28 19:40:54] Status check: 4 checks completed, API healthy
[2026-02-28 19:42:19] Status check: 7 checks completed, API healthy
[2026-02-28 19:43:45] Status check: 10 checks completed, API healthy
[2026-02-28 19:45:10] Status check: 13 checks completed, API healthy
[2026-02-28 19:46:37] Status check: 16 checks completed, API healthy
[2026-02-28 19:48:02] Status check: 19 checks completed, API healthy
[2026-02-28 19:49:27] Status check: 22 checks completed, API healthy
[2026-02-28 19:50:53] Status check: 25 checks completed, API healthy
[2026-02-28 19:52:18] Status check: 28 checks completed, API healthy
[2026-02-28 19:53:45] Status check: 31 checks completed, API healthy
[2026-02-28 19:55:10] Status check: 34 checks completed, API healthy
[2026-02-28 19:56:35] Status check: 37 checks completed, API healthy
[2026-02-28 19:58:01] Status check: 40 checks completed, API healthy
[2026-02-28 19:59:26] Status check: 43 checks completed, API healthy
[2026-02-28 20:00:53] Status check: 46 checks completed, API healthy
[2026-02-28 20:02:18] Status check: 49 checks completed, API healthy
[2026-02-28 20:03:44] Status check: 52 checks completed, API healthy
[2026-02-28 20:05:09] Status check: 55 checks completed, API healthy
[2026-02-28 20:06:34] Status check: 58 checks completed, API healthy
[2026-02-28 20:07:59] Status check: 61 checks completed, API healthy
[2026-02-28 20:09:26] Status check: 64 checks completed, API healthy
[2026-02-28 20:10:52] Status check: 67 checks completed, API healthy
[2026-02-28 20:12:17] Status check: 70 checks completed, API healthy
[2026-02-28 20:13:42] Status check: 73 checks completed, API healthy
[2026-02-28 20:15:07] Status check: 76 checks completed, API healthy
[2026-02-28 20:16:34] Status check: 79 checks completed, API healthy
[2026-02-28 20:17:59] Status check: 82 checks completed, API healthy
[2026-02-28 20:19:24] Status check: 85 checks completed, API healthy
[2026-02-28 20:20:49] Status check: 88 checks completed, API healthy
[2026-02-28 20:22:15] Status check: 91 checks completed, API healthy
[2026-02-28 20:23:42] Status check: 94 checks completed, API healthy
[2026-02-28 20:25:07] Status check: 97 checks completed, API healthy
[2026-02-28 20:26:32] Status check: 100 checks completed, API healthy
[2026-02-28 20:27:57] Status check: 103 checks completed, API healthy
[2026-02-28 20:29:22] Status check: 106 checks completed, API healthy
[2026-02-28 20:30:47] Status check: 109 checks completed, API healthy
[2026-02-28 20:32:15] Status check: 112 checks completed, API healthy
[2026-02-28 20:33:40] Status check: 115 checks completed, API healthy
[2026-02-28 20:35:05] Status check: 118 checks completed, API healthy
[2026-02-28 20:36:30] Status check: 121 checks completed, API healthy
[2026-02-28 20:37:55] Status check: 124 checks completed, API healthy
[2026-02-28 20:39:22] Status check: 127 checks completed, API healthy
[2026-02-28 20:40:47] Status check: 130 checks completed, API healthy
[2026-02-28 20:42:12] Status check: 133 checks completed, API healthy
[2026-02-28 20:43:37] Status check: 136 checks completed, API healthy
[2026-02-28 20:45:02] Status check: 139 checks completed, API healthy
[2026-02-28 20:46:29] Status check: 142 checks completed, API healthy
[2026-02-28 20:47:53] Status check: 145 checks completed, API healthy
[2026-02-28 20:49:18] Status check: 148 checks completed, API healthy
[2026-02-28 20:50:43] Status check: 151 checks completed, API healthy
[2026-02-28 20:52:08] Status check: 154 checks completed, API healthy
[2026-02-28 20:53:33] Status check: 157 checks completed, API healthy
[2026-02-28 20:55:02] Status check: 160 checks completed, API healthy
[2026-02-28 20:56:27] Status check: 163 checks completed, API healthy
[2026-02-28 20:57:52] Status check: 166 checks completed, API healthy
[2026-02-28 20:59:17] Status check: 169 checks completed, API healthy
[2026-02-28 21:00:42] Status check: 172 checks completed, API healthy
[2026-02-28 21:02:09] Status check: 175 checks completed, API healthy
[2026-02-28 21:03:34] Status check: 178 checks completed, API healthy
[2026-02-28 21:04:59] Status check: 181 checks completed, API healthy
[2026-02-28 21:06:23] Status check: 184 checks completed, API healthy
[2026-02-28 21:07:48] Status check: 187 checks completed, API healthy
[2026-02-28 21:09:13] Status check: 190 checks completed, API healthy
[2026-02-28 21:10:40] Status check: 193 checks completed, API healthy
[2026-02-28 21:12:05] Status check: 196 checks completed, API healthy
[2026-02-28 21:13:29] Status check: 199 checks completed, API healthy
[2026-02-28 21:14:54] Status check: 202 checks completed, API healthy
[2026-02-28 21:16:19] Status check: 205 checks completed, API healthy
[2026-02-28 21:17:46] Status check: 208 checks completed, API healthy
[2026-02-28 21:19:10] Status check: 211 checks completed, API healthy
[2026-02-28 21:20:35] Status check: 214 checks completed, API healthy
[2026-02-28 21:22:00] Status check: 217 checks completed, API healthy
[2026-02-28 21:23:25] Status check: 220 checks completed, API healthy
[2026-02-28 21:24:51] Status check: 223 checks completed, API healthy
[2026-02-28 21:26:16] Status check: 226 checks completed, API healthy
[2026-02-28 21:27:41] Status check: 229 checks completed, API healthy
[2026-02-28 21:29:06] Status check: 232 checks completed, API healthy
[2026-02-28 21:30:30] Status check: 235 checks completed, API healthy
[2026-02-28 21:31:57] Status check: 238 checks completed, API healthy
[2026-02-28 21:33:22] Status check: 241 checks completed, API healthy
[2026-02-28 21:34:47] Status check: 244 checks completed, API healthy
[2026-02-28 21:36:12] Status check: 247 checks completed, API healthy
[2026-02-28 21:37:36] Status check: 250 checks completed, API healthy
[2026-02-28 21:39:03] Status check: 253 checks completed, API healthy
[2026-02-28 21:40:28] Status check: 256 checks completed, API healthy
[2026-02-28 21:41:52] Status check: 259 checks completed, API healthy
[2026-02-28 21:43:17] Status check: 262 checks completed, API healthy
[2026-02-28 21:44:42] Status check: 265 checks completed, API healthy
[2026-02-28 21:46:06] Status check: 268 checks completed, API healthy
[2026-02-28 21:47:33] Status check: 271 checks completed, API healthy
[2026-02-28 21:48:57] Status check: 274 checks completed, API healthy
[2026-02-28 21:50:22] Status check: 277 checks completed, API healthy
[2026-02-28 21:51:47] Status check: 280 checks completed, API healthy
[2026-02-28 21:53:11] Status check: 283 checks completed, API healthy
[2026-02-28 21:54:38] Status check: 286 checks completed, API healthy
[2026-02-28 21:56:03] Status check: 289 checks completed, API healthy
[2026-02-28 21:57:27] Status check: 292 checks completed, API healthy
[2026-02-28 21:58:53] Status check: 295 checks completed, API healthy
[2026-02-28 22:00:18] Status check: 298 checks completed, API healthy
[2026-02-28 22:01:43] Status check: 301 checks completed, API healthy
[2026-02-28 22:03:08] Status check: 304 checks completed, API healthy
[2026-02-28 22:04:32] Status check: 307 checks completed, API healthy
[2026-02-28 22:05:59] Status check: 310 checks completed, API healthy
[2026-02-28 22:07:23] Status check: 313 checks completed, API healthy
[2026-02-28 22:08:48] Status check: 316 checks completed, API healthy
[2026-02-28 22:10:12] Status check: 319 checks completed, API healthy
[2026-02-28 22:11:37] Status check: 322 checks completed, API healthy
[2026-02-28 22:13:04] Status check: 325 checks completed, API healthy
[2026-02-28 22:14:28] Status check: 328 checks completed, API healthy
[2026-02-28 22:15:53] Status check: 331 checks completed, API healthy
[2026-02-28 22:17:17] Status check: 334 checks completed, API healthy
[2026-02-28 22:18:42] Status check: 337 checks completed, API healthy
[2026-02-28 22:20:06] Status check: 340 checks completed, API healthy
[2026-02-28 22:21:33] Status check: 343 checks completed, API healthy
[2026-02-28 22:22:58] Status check: 346 checks completed, API healthy
[2026-02-28 22:24:22] Status check: 349 checks completed, API healthy
[2026-02-28 22:25:47] Status check: 352 checks completed, API healthy
[2026-02-28 22:27:11] Status check: 355 checks completed, API healthy
[2026-02-28 22:28:38] Status check: 358 checks completed, API healthy
[2026-02-28 22:30:02] Status check: 361 checks completed, API healthy
[2026-02-28 22:31:32] Status check: 364 checks completed, API healthy
[2026-02-28 22:32:29] Status check: 366 checks completed, API healthy
[2026-02-28 22:33:53] Status check: 369 checks completed, API healthy
[2026-02-28 22:35:18] Status check: 372 checks completed, API healthy
[2026-02-28 22:36:42] Status check: 375 checks completed, API healthy
[2026-02-28 22:38:11] Status check: 378 checks completed, API healthy
[2026-02-28 22:39:13] Status check: 380 checks completed, API healthy
[2026-02-28 22:40:37] Status check: 383 checks completed, API healthy
[2026-02-28 22:42:02] Status check: 386 checks completed, API healthy
[2026-02-28 22:43:26] Status check: 389 checks completed, API healthy
[2026-02-28 22:44:50] Status check: 392 checks completed, API healthy
[2026-02-28 22:46:20] Status check: 395 checks completed, API healthy
[2026-02-28 22:47:47] Status check: 398 checks completed, API healthy
[2026-02-28 22:49:11] Status check: 401 checks completed, API healthy
[2026-02-28 22:50:36] Status check: 404 checks completed, API healthy
[2026-02-28 22:52:00] Status check: 407 checks completed, API healthy
[2026-02-28 22:53:24] Status check: 410 checks completed, API healthy
[2026-02-28 22:54:49] Status check: 413 checks completed, API healthy
[2026-02-28 22:56:15] Status check: 416 checks completed, API healthy
[2026-02-28 22:57:40] Status check: 419 checks completed, API healthy
[2026-02-28 22:59:04] Status check: 422 checks completed, API healthy
[2026-02-28 23:00:29] Status check: 425 checks completed, API healthy
[2026-02-28 23:01:54] Status check: 428 checks completed, API healthy
[2026-02-28 23:03:21] Status check: 431 checks completed, API healthy
[2026-02-28 23:04:47] Status check: 434 checks completed, API healthy
[2026-02-28 23:06:12] Status check: 437 checks completed, API healthy
[2026-02-28 23:07:36] Status check: 440 checks completed, API healthy
[2026-02-28 23:09:00] Status check: 443 checks completed, API healthy
[2026-02-28 23:10:24] Status check: 446 checks completed, API healthy
[2026-02-28 23:11:51] Status check: 449 checks completed, API healthy
/home/alexliv/.openclaw/workspace/skills/oref-alerts/check-alerts.sh: line 27: warning: command substitution: ignored null byte in input
/home/alexliv/.openclaw/workspace/skills/oref-alerts/check-alerts.sh: line 27: warning: command substitution: ignored null byte in input
[2026-02-28 23:13:15] Status check: 452 checks completed, API healthy
[2026-02-28 23:14:40] Status check: 455 checks completed, API healthy
[2026-02-28 23:16:04] Status check: 458 checks completed, API healthy
[2026-02-28 23:17:28] Status check: 461 checks completed, API healthy
[2026-02-28 23:18:53] Status check: 464 checks completed, API healthy
[2026-02-28 23:20:19] Status check: 467 checks completed, API healthy
[2026-02-28 23:21:43] Status check: 470 checks completed, API healthy
[2026-02-28 23:23:11] Status check: 473 checks completed, API healthy
[2026-02-28 23:24:07] Status check: 475 checks completed, API healthy
[2026-02-28 23:25:31] Status check: 478 checks completed, API healthy
[2026-02-28 23:26:55] Status check: 481 checks completed, API healthy
[2026-02-28 23:28:22] Status check: 484 checks completed, API healthy
[2026-02-28 23:29:49] Status check: 487 checks completed, API healthy
[2026-02-28 23:31:13] Status check: 490 checks completed, API healthy
[2026-02-28 23:32:38] Status check: 493 checks completed, API healthy
[2026-02-28 23:34:02] Status check: 496 checks completed, API healthy
[2026-02-28 23:35:26] Status check: 499 checks completed, API healthy
[2026-02-28 23:36:52] Status check: 502 checks completed, API healthy
[2026-02-28 23:38:16] Status check: 505 checks completed, API healthy
[2026-02-28 23:39:40] Status check: 508 checks completed, API healthy
[2026-02-28 23:41:05] Status check: 511 checks completed, API healthy
[2026-02-28 23:42:32] Status check: 514 checks completed, API healthy
[2026-02-28 23:43:56] Status check: 517 checks completed, API healthy
[2026-02-28 23:45:23] Status check: 520 checks completed, API healthy
[2026-02-28 23:46:47] Status check: 523 checks completed, API healthy
[2026-02-28 23:48:11] Status check: 526 checks completed, API healthy
[2026-02-28 23:49:35] Status check: 529 checks completed, API healthy
[2026-02-28 23:50:59] Status check: 532 checks completed, API healthy
[2026-02-28 23:52:25] Status check: 535 checks completed, API healthy
[2026-02-28 23:53:49] Status check: 538 checks completed, API healthy
[2026-02-28 23:55:13] Status check: 541 checks completed, API healthy
[2026-02-28 23:56:37] Status check: 544 checks completed, API healthy
[2026-02-28 23:58:01] Status check: 547 checks completed, API healthy
[2026-02-28 23:59:27] Status check: 550 checks completed, API healthy
[2026-03-01 00:00:51] Status check: 553 checks completed, API healthy
[2026-03-01 00:02:15] Status check: 556 checks completed, API healthy
[2026-03-01 00:03:39] Status check: 559 checks completed, API healthy
[2026-03-01 00:05:03] Status check: 562 checks completed, API healthy
[2026-03-01 00:06:28] Status check: 565 checks completed, API healthy
[2026-03-01 00:07:54] Status check: 568 checks completed, API healthy
[2026-03-01 00:09:18] Status check: 571 checks completed, API healthy
[2026-03-01 00:10:42] Status check: 574 checks completed, API healthy
[2026-03-01 00:12:06] Status check: 577 checks completed, API healthy
[2026-03-01 00:13:30] Status check: 580 checks completed, API healthy
[2026-03-01 00:14:56] Status check: 583 checks completed, API healthy
[2026-03-01 00:16:20] Status check: 586 checks completed, API healthy
[2026-03-01 00:17:45] Status check: 589 checks completed, API healthy
[2026-03-01 00:19:09] Status check: 592 checks completed, API healthy
[2026-03-01 00:20:32] Status check: 595 checks completed, API healthy
[2026-03-01 00:21:59] Status check: 598 checks completed, API healthy
[2026-03-01 00:23:22] Status check: 601 checks completed, API healthy
[2026-03-01 00:24:45] Status check: 604 checks completed, API healthy
[2026-03-01 00:26:12] Status check: 607 checks completed, API healthy
[2026-03-01 00:27:36] Status check: 610 checks completed, API healthy
[2026-03-01 00:29:00] Status check: 613 checks completed, API healthy
[2026-03-01 00:30:24] Status check: 616 checks completed, API healthy
[2026-03-01 00:31:47] Status check: 619 checks completed, API healthy
[2026-03-01 00:33:14] Status check: 622 checks completed, API healthy
[2026-03-01 00:34:37] Status check: 625 checks completed, API healthy
[2026-03-01 00:36:01] Status check: 628 checks completed, API healthy
[2026-03-01 00:37:25] Status check: 631 checks completed, API healthy
[2026-03-01 00:38:49] Status check: 634 checks completed, API healthy
[2026-03-01 00:40:13] Status check: 637 checks completed, API healthy
[2026-03-01 00:41:39] Status check: 640 checks completed, API healthy
[2026-03-01 00:43:03] Status check: 643 checks completed, API healthy
[2026-03-01 00:44:27] Status check: 646 checks completed, API healthy
[2026-03-01 00:45:51] Status check: 649 checks completed, API healthy
[2026-03-01 00:47:14] Status check: 652 checks completed, API healthy
[2026-03-01 00:48:40] Status check: 655 checks completed, API healthy
[2026-03-01 00:50:04] Status check: 658 checks completed, API healthy
[2026-03-01 00:51:28] Status check: 661 checks completed, API healthy
[2026-03-01 00:52:51] Status check: 664 checks completed, API healthy
[2026-03-01 00:54:15] Status check: 667 checks completed, API healthy
[2026-03-01 00:55:41] Status check: 670 checks completed, API healthy
[2026-03-01 00:57:05] Status check: 673 checks completed, API healthy
[2026-03-01 00:58:28] Status check: 676 checks completed, API healthy
[2026-03-01 00:59:52] Status check: 679 checks completed, API healthy
[2026-03-01 01:01:16] Status check: 682 checks completed, API healthy
[2026-03-01 01:02:41] Status check: 685 checks completed, API healthy
[2026-03-01 01:04:05] Status check: 688 checks completed, API healthy
[2026-03-01 01:05:29] Status check: 691 checks completed, API healthy
[2026-03-01 01:06:52] Status check: 694 checks completed, API healthy
[2026-03-01 01:08:16] Status check: 697 checks completed, API healthy
[2026-03-01 01:09:40] Status check: 700 checks completed, API healthy
[2026-03-01 01:11:06] Status check: 703 checks completed, API healthy
[2026-03-01 01:12:30] Status check: 706 checks completed, API healthy
[2026-03-01 01:13:53] Status check: 709 checks completed, API healthy
[2026-03-01 01:15:17] Status check: 712 checks completed, API healthy
[2026-03-01 01:16:40] Status check: 715 checks completed, API healthy
[2026-03-01 01:18:06] Status check: 718 checks completed, API healthy
[2026-03-01 01:19:30] Status check: 721 checks completed, API healthy
[2026-03-01 01:20:53] Status check: 724 checks completed, API healthy
[2026-03-01 01:22:17] Status check: 727 checks completed, API healthy
[2026-03-01 01:23:40] Status check: 730 checks completed, API healthy
[2026-03-01 01:25:06] Status check: 733 checks completed, API healthy
[2026-03-01 01:26:30] Status check: 736 checks completed, API healthy
[2026-03-01 01:27:53] Status check: 739 checks completed, API healthy
[2026-03-01 01:29:17] Status check: 742 checks completed, API healthy
[2026-03-01 01:30:40] Status check: 745 checks completed, API healthy
[2026-03-01 01:32:03] Status check: 748 checks completed, API healthy
[2026-03-01 01:33:29] Status check: 751 checks completed, API healthy
[2026-03-01 01:34:53] Status check: 754 checks completed, API healthy
[2026-03-01 01:36:16] Status check: 757 checks completed, API healthy
[2026-03-01 01:37:40] Status check: 760 checks completed, API healthy
[2026-03-01 01:39:03] Status check: 763 checks completed, API healthy
[2026-03-01 01:40:31] Status check: 766 checks completed, API healthy
[2026-03-01 01:41:29] Status check: 768 checks completed, API healthy
[2026-03-01 01:42:53] Status check: 771 checks completed, API healthy
[2026-03-01 01:44:16] Status check: 774 checks completed, API healthy
[2026-03-01 01:45:40] Status check: 777 checks completed, API healthy
[2026-03-01 01:47:03] Status check: 780 checks completed, API healthy
[2026-03-01 01:48:30] Status check: 783 checks completed, API healthy
[2026-03-01 01:49:55] Status check: 786 checks completed, API healthy
[2026-03-01 01:51:19] Status check: 789 checks completed, API healthy
[2026-03-01 01:52:42] Status check: 792 checks completed, API healthy
[2026-03-01 01:54:05] Status check: 795 checks completed, API healthy
[2026-03-01 01:55:29] Status check: 798 checks completed, API healthy
[2026-03-01 01:56:55] Status check: 801 checks completed, API healthy
[2026-03-01 01:58:18] Status check: 804 checks completed, API healthy
[2026-03-01 01:59:41] Status check: 807 checks completed, API healthy
[2026-03-01 02:01:04] Status check: 810 checks completed, API healthy
[2026-03-01 02:02:27] Status check: 813 checks completed, API healthy
[2026-03-01 02:03:53] Status check: 816 checks completed, API healthy
[2026-03-01 02:05:17] Status check: 819 checks completed, API healthy
[2026-03-01 02:06:40] Status check: 822 checks completed, API healthy
[2026-03-01 02:08:06] Status check: 825 checks completed, API healthy
[2026-03-01 02:09:29] Status check: 828 checks completed, API healthy
[2026-03-01 02:10:52] Status check: 831 checks completed, API healthy
[2026-03-01 02:12:18] Status check: 834 checks completed, API healthy
[2026-03-01 02:13:41] Status check: 837 checks completed, API healthy
[2026-03-01 02:15:04] Status check: 840 checks completed, API healthy
[2026-03-01 02:16:27] Status check: 843 checks completed, API healthy
[2026-03-01 02:17:50] Status check: 846 checks completed, API healthy
[2026-03-01 02:19:15] Status check: 849 checks completed, API healthy
[2026-03-01 02:20:38] Status check: 852 checks completed, API healthy
[2026-03-01 02:22:02] Status check: 855 checks completed, API healthy
[2026-03-01 02:23:24] Status check: 858 checks completed, API healthy
[2026-03-01 02:24:47] Status check: 861 checks completed, API healthy
[2026-03-01 02:26:13] Status check: 864 checks completed, API healthy
[2026-03-01 02:27:36] Status check: 867 checks completed, API healthy
[2026-03-01 02:28:58] Status check: 870 checks completed, API healthy
[2026-03-01 02:30:22] Status check: 873 checks completed, API healthy
[2026-03-01 02:31:44] Status check: 876 checks completed, API healthy
[2026-03-01 02:33:07] Status check: 879 checks completed, API healthy
[2026-03-01 02:34:33] Status check: 882 checks completed, API healthy
[2026-03-01 02:35:56] Status check: 885 checks completed, API healthy
[2026-03-01 02:37:19] Status check: 888 checks completed, API healthy
[2026-03-01 02:38:42] Status check: 891 checks completed, API healthy
[2026-03-01 02:40:05] Status check: 894 checks completed, API healthy
[2026-03-01 02:41:30] Status check: 897 checks completed, API healthy
[2026-03-01 02:42:53] Status check: 900 checks completed, API healthy
[2026-03-01 02:44:17] Status check: 903 checks completed, API healthy
[2026-03-01 02:45:39] Status check: 906 checks completed, API healthy
[2026-03-01 02:47:02] Status check: 909 checks completed, API healthy
[2026-03-01 02:48:28] Status check: 912 checks completed, API healthy
[2026-03-01 02:49:50] Status check: 915 checks completed, API healthy
[2026-03-01 02:51:13] Status check: 918 checks completed, API healthy
[2026-03-01 02:52:36] Status check: 921 checks completed, API healthy
[2026-03-01 02:53:59] Status check: 924 checks completed, API healthy
[2026-03-01 02:55:25] Status check: 927 checks completed, API healthy
[2026-03-01 02:56:47] Status check: 930 checks completed, API healthy
[2026-03-01 02:58:10] Status check: 933 checks completed, API healthy
[2026-03-01 02:59:33] Status check: 936 checks completed, API healthy
[2026-03-01 03:00:55] Status check: 939 checks completed, API healthy
[2026-03-01 03:02:18] Status check: 942 checks completed, API healthy
[2026-03-01 03:03:43] Status check: 945 checks completed, API healthy
[2026-03-01 03:05:06] Status check: 948 checks completed, API healthy
[2026-03-01 03:06:29] Status check: 951 checks completed, API healthy
[2026-03-01 03:07:52] Status check: 954 checks completed, API healthy
[2026-03-01 03:09:15] Status check: 957 checks completed, API healthy
[2026-03-01 03:10:40] Status check: 960 checks completed, API healthy
[2026-03-01 03:12:03] Status check: 963 checks completed, API healthy
[2026-03-01 03:13:26] Status check: 966 checks completed, API healthy
[2026-03-01 03:14:48] Status check: 969 checks completed, API healthy
[2026-03-01 03:16:11] Status check: 972 checks completed, API healthy
[2026-03-01 03:17:36] Status check: 975 checks completed, API healthy
[2026-03-01 03:18:58] Status check: 978 checks completed, API healthy
[2026-03-01 03:20:21] Status check: 981 checks completed, API healthy
[2026-03-01 03:21:44] Status check: 984 checks completed, API healthy
[2026-03-01 03:23:06] Status check: 987 checks completed, API healthy
[2026-03-01 03:24:31] Status check: 990 checks completed, API healthy
[2026-03-01 03:25:54] Status check: 993 checks completed, API healthy
[2026-03-01 03:27:16] Status check: 996 checks completed, API healthy
[2026-03-01 03:28:39] Status check: 999 checks completed, API healthy
[2026-03-01 03:30:01] Status check: 1002 checks completed, API healthy
[2026-03-01 03:31:27] Status check: 1005 checks completed, API healthy
[2026-03-01 03:32:49] Status check: 1008 checks completed, API healthy
[2026-03-01 03:34:12] Status check: 1011 checks completed, API healthy
[2026-03-01 03:35:34] Status check: 1014 checks completed, API healthy
[2026-03-01 03:36:56] Status check: 1017 checks completed, API healthy
[2026-03-01 03:38:19] Status check: 1020 checks completed, API healthy
[2026-03-01 03:39:44] Status check: 1023 checks completed, API healthy
[2026-03-01 03:41:06] Status check: 1026 checks completed, API healthy
[2026-03-01 03:42:29] Status check: 1029 checks completed, API healthy
[2026-03-01 03:43:52] Status check: 1032 checks completed, API healthy
[2026-03-01 03:45:14] Status check: 1035 checks completed, API healthy
[2026-03-01 03:46:39] Status check: 1038 checks completed, API healthy
[2026-03-01 03:48:02] Status check: 1041 checks completed, API healthy
[2026-03-01 03:49:24] Status check: 1044 checks completed, API healthy
[2026-03-01 03:50:47] Status check: 1047 checks completed, API healthy
[2026-03-01 03:52:10] Status check: 1050 checks completed, API healthy
[2026-03-01 03:53:35] Status check: 1053 checks completed, API healthy
[2026-03-01 03:55:02] Status check: 1056 checks completed, API healthy
[2026-03-01 03:56:27] Status check: 1059 checks completed, API healthy
[2026-03-01 03:57:54] Status check: 1062 checks completed, API healthy
[2026-03-01 03:59:18] Status check: 1065 checks completed, API healthy
[2026-03-01 04:00:42] Status check: 1068 checks completed, API healthy
[2026-03-01 04:02:07] Status check: 1071 checks completed, API healthy
[2026-03-01 04:03:32] Status check: 1074 checks completed, API healthy
[2026-03-01 04:04:58] Status check: 1077 checks completed, API healthy
[2026-03-01 04:06:23] Status check: 1080 checks completed, API healthy
[2026-03-01 04:07:48] Status check: 1083 checks completed, API healthy
[2026-03-01 04:09:12] Status check: 1086 checks completed, API healthy
[2026-03-01 04:10:37] Status check: 1089 checks completed, API healthy
[2026-03-01 04:12:03] Status check: 1092 checks completed, API healthy
[2026-03-01 04:13:28] Status check: 1095 checks completed, API healthy
[2026-03-01 04:14:52] Status check: 1098 checks completed, API healthy
[2026-03-01 04:16:16] Status check: 1101 checks completed, API healthy
[2026-03-01 04:17:40] Status check: 1104 checks completed, API healthy
[2026-03-01 04:19:04] Status check: 1107 checks completed, API healthy
[2026-03-01 04:20:30] Status check: 1110 checks completed, API healthy
[2026-03-01 04:21:54] Status check: 1113 checks completed, API healthy
[2026-03-01 04:23:18] Status check: 1116 checks completed, API healthy
[2026-03-01 04:24:44] Status check: 1119 checks completed, API healthy
[2026-03-01 04:26:08] Status check: 1122 checks completed, API healthy
[2026-03-01 04:27:32] Status check: 1125 checks completed, API healthy
[2026-03-01 04:28:56] Status check: 1128 checks completed, API healthy
[2026-03-01 04:30:22] Status check: 1131 checks completed, API healthy
[2026-03-01 04:31:46] Status check: 1134 checks completed, API healthy
[2026-03-01 04:33:10] Status check: 1137 checks completed, API healthy
[2026-03-01 04:34:34] Status check: 1140 checks completed, API healthy
[2026-03-01 04:35:58] Status check: 1143 checks completed, API healthy
[2026-03-01 04:37:21] Status check: 1146 checks completed, API healthy
[2026-03-01 04:38:47] Status check: 1149 checks completed, API healthy
[2026-03-01 04:40:11] Status check: 1152 checks completed, API healthy
[2026-03-01 04:41:34] Status check: 1155 checks completed, API healthy
[2026-03-01 04:42:57] Status check: 1158 checks completed, API healthy
[2026-03-01 04:44:20] Status check: 1161 checks completed, API healthy
[2026-03-01 04:45:45] Status check: 1164 checks completed, API healthy
[2026-03-01 04:47:08] Status check: 1167 checks completed, API healthy
[2026-03-01 04:48:31] Status check: 1170 checks completed, API healthy
[2026-03-01 04:49:53] Status check: 1173 checks completed, API healthy
[2026-03-01 04:51:16] Status check: 1176 checks completed, API healthy
[2026-03-01 04:52:41] Status check: 1179 checks completed, API healthy
[2026-03-01 04:54:04] Status check: 1182 checks completed, API healthy
[2026-03-01 04:55:26] Status check: 1185 checks completed, API healthy
[2026-03-01 04:56:49] Status check: 1188 checks completed, API healthy
[2026-03-01 04:58:11] Status check: 1191 checks completed, API healthy
[2026-03-01 04:59:33] Status check: 1194 checks completed, API healthy
[2026-03-01 05:00:59] Status check: 1197 checks completed, API healthy
[2026-03-01 05:02:21] Status check: 1200 checks completed, API healthy
[2026-03-01 05:03:43] Status check: 1203 checks completed, API healthy
[2026-03-01 05:05:05] Status check: 1206 checks completed, API healthy
[2026-03-01 05:06:28] Status check: 1209 checks completed, API healthy
[2026-03-01 05:07:53] Status check: 1212 checks completed, API healthy
[2026-03-01 05:09:15] Status check: 1215 checks completed, API healthy
[2026-03-01 05:10:38] Status check: 1218 checks completed, API healthy
[2026-03-01 05:12:00] Status check: 1221 checks completed, API healthy
[2026-03-01 05:13:22] Status check: 1224 checks completed, API healthy
[2026-03-01 05:14:47] Status check: 1227 checks completed, API healthy
[2026-03-01 05:16:10] Status check: 1230 checks completed, API healthy
[2026-03-01 05:17:32] Status check: 1233 checks completed, API healthy
[2026-03-01 05:18:54] Status check: 1236 checks completed, API healthy
[2026-03-01 05:20:16] Status check: 1239 checks completed, API healthy
[2026-03-01 05:21:41] Status check: 1242 checks completed, API healthy
[2026-03-01 05:23:04] Status check: 1245 checks completed, API healthy
[2026-03-01 05:24:26] Status check: 1248 checks completed, API healthy
[2026-03-01 05:25:48] Status check: 1251 checks completed, API healthy
[2026-03-01 05:27:10] Status check: 1254 checks completed, API healthy
[2026-03-01 05:28:32] Status check: 1257 checks completed, API healthy
[2026-03-01 05:29:57] Status check: 1260 checks completed, API healthy
[2026-03-01 05:31:20] Status check: 1263 checks completed, API healthy
[2026-03-01 05:32:42] Status check: 1266 checks completed, API healthy
[2026-03-01 05:34:04] Status check: 1269 checks completed, API healthy
[2026-03-01 05:35:26] Status check: 1272 checks completed, API healthy
[2026-03-01 05:36:51] Status check: 1275 checks completed, API healthy
[2026-03-01 05:38:13] Status check: 1278 checks completed, API healthy
[2026-03-01 05:39:36] Status check: 1281 checks completed, API healthy
[2026-03-01 05:40:58] Status check: 1284 checks completed, API healthy
[2026-03-01 05:42:20] Status check: 1287 checks completed, API healthy
[2026-03-01 05:43:45] Status check: 1290 checks completed, API healthy
[2026-03-01 05:45:07] Status check: 1293 checks completed, API healthy
[2026-03-01 05:46:29] Status check: 1296 checks completed, API healthy
[2026-03-01 05:47:51] Status check: 1299 checks completed, API healthy
[2026-03-01 05:49:13] Status check: 1302 checks completed, API healthy
[2026-03-01 05:50:38] Status check: 1305 checks completed, API healthy
[2026-03-01 05:52:00] Status check: 1308 checks completed, API healthy
[2026-03-01 05:53:22] Status check: 1311 checks completed, API healthy
[2026-03-01 05:54:44] Status check: 1314 checks completed, API healthy
[2026-03-01 05:56:06] Status check: 1317 checks completed, API healthy
[2026-03-01 05:57:28] Status check: 1320 checks completed, API healthy
[2026-03-01 05:58:53] Status check: 1323 checks completed, API healthy
[2026-03-01 06:00:15] Status check: 1326 checks completed, API healthy
[2026-03-01 06:01:37] Status check: 1329 checks completed, API healthy
[2026-03-01 06:02:59] Status check: 1332 checks completed, API healthy
[2026-03-01 06:04:21] Status check: 1335 checks completed, API healthy
[2026-03-01 06:05:45] Status check: 1338 checks completed, API healthy
[2026-03-01 06:07:07] Status check: 1341 checks completed, API healthy
[2026-03-01 06:08:29] Status check: 1344 checks completed, API healthy
[2026-03-01 06:09:55] Status check: 1347 checks completed, API healthy
[2026-03-01 06:11:17] Status check: 1350 checks completed, API healthy
[2026-03-01 06:12:39] Status check: 1353 checks completed, API healthy
[2026-03-01 06:14:04] Status check: 1356 checks completed, API healthy
[2026-03-01 06:15:25] Status check: 1359 checks completed, API healthy
[2026-03-01 06:16:51] Status check: 1362 checks completed, API healthy
[2026-03-01 06:18:13] Status check: 1365 checks completed, API healthy
[2026-03-01 06:19:35] Status check: 1368 checks completed, API healthy
[2026-03-01 06:20:59] Status check: 1371 checks completed, API healthy
[2026-03-01 06:21:57] Daemon stopping...
[2026-03-01 06:21:58] Oref Alert Daemon started (PID: 925166)
[2026-03-01 06:21:58] Check interval: 30s | Log interval: 60s
[2026-03-01 06:23:23] Status check: 4 checks completed, API healthy
[2026-03-01 06:24:44] Status check: 7 checks completed, API healthy
[2026-03-01 06:26:06] Status check: 10 checks completed, API healthy
[2026-03-01 06:27:28] Status check: 13 checks completed, API healthy
[2026-03-01 06:28:50] Status check: 16 checks completed, API healthy
[2026-03-01 06:30:15] Status check: 19 checks completed, API healthy
[2026-03-01 06:31:40] Status check: 22 checks completed, API healthy
[2026-03-01 06:33:02] Status check: 25 checks completed, API healthy
[2026-03-01 06:34:24] Status check: 28 checks completed, API healthy
[2026-03-01 06:35:46] Status check: 31 checks completed, API healthy
[2026-03-01 06:37:08] Status check: 34 checks completed, API healthy
[2026-03-01 06:38:36] Status check: 37 checks completed, API healthy
[2026-03-01 06:39:58] Status check: 40 checks completed, API healthy
[2026-03-01 06:41:19] Status check: 43 checks completed, API healthy
[2026-03-01 06:42:42] Status check: 46 checks completed, API healthy
[2026-03-01 06:44:04] Status check: 49 checks completed, API healthy
[2026-03-01 06:45:26] Status check: 52 checks completed, API healthy
[2026-03-01 06:46:51] Status check: 55 checks completed, API healthy
[2026-03-01 06:48:13] Status check: 58 checks completed, API healthy
[2026-03-01 06:49:35] Status check: 61 checks completed, API healthy
[2026-03-01 06:50:57] Status check: 64 checks completed, API healthy
[2026-03-01 06:52:19] Status check: 67 checks completed, API healthy
[2026-03-01 06:53:43] Status check: 70 checks completed, API healthy
[2026-03-01 06:54:11] ERROR: Alert check failed (attempt 1/3)
[2026-03-01 06:54:38] ERROR: Alert check failed (attempt 2/3)
[2026-03-01 06:55:05] ERROR: Alert check failed (attempt 3/3)
failed to get device list: failed to send usync query: info query timed out
[2026-03-01 06:56:13] Status check: 73 checks completed, API healthy
[2026-03-01 06:56:43] Status check: 74 checks completed, API healthy
[2026-03-01 06:58:05] Status check: 77 checks completed, API healthy
[2026-03-01 06:59:22] Daemon stopping...
[2026-03-01 06:59:23] Oref Alert Daemon started (PID: 972383)
[2026-03-01 06:59:23] Check interval: 30s | Log interval: 60s
[2026-03-01 07:00:45] Status check: 4 checks completed, API healthy
[2026-03-01 07:02:11] Status check: 7 checks completed, API healthy
[2026-03-01 07:03:33] Status check: 10 checks completed, API healthy
[2026-03-01 07:04:57] Status check: 13 checks completed, API healthy
[2026-03-01 07:06:19] Status check: 16 checks completed, API healthy
[2026-03-01 07:07:42] Status check: 19 checks completed, API healthy
[2026-03-01 07:09:09] Status check: 22 checks completed, API healthy
[2026-03-01 07:10:31] Status check: 25 checks completed, API healthy
[2026-03-01 07:11:53] Status check: 28 checks completed, API healthy
[2026-03-01 07:13:17] Status check: 31 checks completed, API healthy
[2026-03-01 07:14:39] Status check: 34 checks completed, API healthy
[2026-03-01 07:16:01] Status check: 37 checks completed, API healthy
[2026-03-01 07:17:23] Status check: 40 checks completed, API healthy
[2026-03-01 07:18:45] Status check: 43 checks completed, API healthy
[2026-03-01 07:20:10] Status check: 46 checks completed, API healthy
[2026-03-01 07:21:36] Status check: 49 checks completed, API healthy
[2026-03-01 07:22:58] Status check: 52 checks completed, API healthy
[2026-03-01 07:24:23] Status check: 55 checks completed, API healthy
[2026-03-01 07:25:50] Status check: 58 checks completed, API healthy
[2026-03-01 07:27:19] Status check: 61 checks completed, API healthy
[2026-03-01 07:28:18] Status check: 63 checks completed, API healthy
[2026-03-01 07:29:46] Status check: 66 checks completed, API healthy
[2026-03-01 07:31:15] Status check: 69 checks completed, API healthy
[2026-03-01 07:32:15] Status check: 71 checks completed, API healthy
[2026-03-01 07:33:45] Status check: 74 checks completed, API healthy
[2026-03-01 07:34:45] Status check: 76 checks completed, API healthy
[2026-03-01 07:35:45] Status check: 78 checks completed, API healthy
[2026-03-01 07:36:46] Status check: 80 checks completed, API healthy
[2026-03-01 07:37:46] Status check: 82 checks completed, API healthy
[2026-03-01 07:38:46] Status check: 84 checks completed, API healthy
[2026-03-01 07:39:47] Status check: 86 checks completed, API healthy
[2026-03-01 07:40:47] Status check: 88 checks completed, API healthy
[2026-03-01 07:41:47] Status check: 90 checks completed, API healthy
[2026-03-01 07:42:48] Status check: 92 checks completed, API healthy
[2026-03-01 07:43:48] Status check: 94 checks completed, API healthy
[2026-03-01 07:44:48] Status check: 96 checks completed, API healthy
[2026-03-01 07:45:49] Status check: 98 checks completed, API healthy
[2026-03-01 07:46:49] Status check: 100 checks completed, API healthy
[2026-03-01 07:47:49] Status check: 102 checks completed, API healthy
[2026-03-01 07:48:49] Status check: 104 checks completed, API healthy
[2026-03-01 07:49:50] Status check: 106 checks completed, API healthy
[2026-03-01 07:50:50] Status check: 108 checks completed, API healthy
[2026-03-01 07:51:50] Status check: 110 checks completed, API healthy
[2026-03-01 07:52:51] Status check: 112 checks completed, API healthy
[2026-03-01 07:53:51] Status check: 114 checks completed, API healthy
[2026-03-01 07:54:51] Status check: 116 checks completed, API healthy
[2026-03-01 07:55:56] Status check: 118 checks completed, API healthy
[2026-03-01 07:56:56] Status check: 120 checks completed, API healthy
[2026-03-01 07:57:57] Status check: 122 checks completed, API healthy
[2026-03-01 07:58:57] Status check: 124 checks completed, API healthy
[2026-03-01 07:59:57] Status check: 126 checks completed, API healthy
[2026-03-01 08:00:57] Status check: 128 checks completed, API healthy
[2026-03-01 08:01:58] Status check: 130 checks completed, API healthy
[2026-03-01 08:02:58] Status check: 132 checks completed, API healthy
[2026-03-01 08:03:58] Status check: 134 checks completed, API healthy
[2026-03-01 08:04:59] Status check: 136 checks completed, API healthy
[2026-03-01 08:05:59] Status check: 138 checks completed, API healthy
[2026-03-01 08:06:59] Status check: 140 checks completed, API healthy
[2026-03-01 08:08:00] Status check: 142 checks completed, API healthy
[2026-03-01 08:09:00] Status check: 144 checks completed, API healthy
[2026-03-01 08:10:00] Status check: 146 checks completed, API healthy
[2026-03-01 08:11:01] Status check: 148 checks completed, API healthy
[2026-03-01 08:12:01] Status check: 150 checks completed, API healthy
[2026-03-01 08:13:01] Status check: 152 checks completed, API healthy
[2026-03-01 08:14:02] Status check: 154 checks completed, API healthy
[2026-03-01 08:15:02] Status check: 156 checks completed, API healthy
[2026-03-01 08:16:02] Status check: 158 checks completed, API healthy
[2026-03-01 08:17:03] Status check: 160 checks completed, API healthy
[2026-03-01 08:18:03] Status check: 162 checks completed, API healthy
[2026-03-01 08:19:03] Status check: 164 checks completed, API healthy
[2026-03-01 08:20:03] Status check: 166 checks completed, API healthy
[2026-03-01 08:21:04] Status check: 168 checks completed, API healthy
[2026-03-01 08:22:04] Status check: 170 checks completed, API healthy
[2026-03-01 08:23:04] Status check: 172 checks completed, API healthy
[2026-03-01 08:24:05] Status check: 174 checks completed, API healthy
[2026-03-01 08:25:05] Status check: 176 checks completed, API healthy
[2026-03-01 08:26:05] Status check: 178 checks completed, API healthy
[2026-03-01 08:27:06] Status check: 180 checks completed, API healthy
[2026-03-01 08:28:06] Status check: 182 checks completed, API healthy
[2026-03-01 08:29:06] Status check: 184 checks completed, API healthy
[2026-03-01 08:30:06] Status check: 186 checks completed, API healthy
[2026-03-01 08:31:07] Status check: 188 checks completed, API healthy
[2026-03-01 08:32:07] Status check: 190 checks completed, API healthy
[2026-03-01 08:33:07] Status check: 192 checks completed, API healthy
[2026-03-01 08:34:08] Status check: 194 checks completed, API healthy
[2026-03-01 08:35:08] Status check: 196 checks completed, API healthy
[2026-03-01 08:36:08] Status check: 198 checks completed, API healthy
[2026-03-01 08:37:09] Status check: 200 checks completed, API healthy
[2026-03-01 08:38:09] Status check: 202 checks completed, API healthy
[2026-03-01 08:39:09] Status check: 204 checks completed, API healthy
[2026-03-01 08:40:09] Status check: 206 checks completed, API healthy
[2026-03-01 08:41:10] Status check: 208 checks completed, API healthy
[2026-03-01 08:42:10] Status check: 210 checks completed, API healthy
[2026-03-01 08:43:10] Status check: 212 checks completed, API healthy
[2026-03-01 08:44:11] Status check: 214 checks completed, API healthy
[2026-03-01 08:45:11] Status check: 216 checks completed, API healthy
[2026-03-01 08:46:11] Status check: 218 checks completed, API healthy
[2026-03-01 08:47:12] Status check: 220 checks completed, API healthy
[2026-03-01 08:48:12] Status check: 222 checks completed, API healthy
[2026-03-01 08:49:12] Status check: 224 checks completed, API healthy
[2026-03-01 08:50:17] Status check: 226 checks completed, API healthy
[2026-03-01 08:51:17] Status check: 228 checks completed, API healthy
[2026-03-01 08:52:18] Status check: 230 checks completed, API healthy
[2026-03-01 08:53:18] Status check: 232 checks completed, API healthy
[2026-03-01 08:54:18] Status check: 234 checks completed, API healthy
[2026-03-01 08:55:19] Status check: 236 checks completed, API healthy
[2026-03-01 08:56:19] Status check: 238 checks completed, API healthy
[2026-03-01 08:57:19] Status check: 240 checks completed, API healthy
[2026-03-01 08:58:20] Status check: 242 checks completed, API healthy
[2026-03-01 08:59:20] Status check: 244 checks completed, API healthy
[2026-03-01 09:00:20] Status check: 246 checks completed, API healthy
[2026-03-01 09:01:21] Status check: 248 checks completed, API healthy
[2026-03-01 09:02:21] Status check: 250 checks completed, API healthy
[2026-03-01 09:03:21] Status check: 252 checks completed, API healthy
[2026-03-01 09:04:22] Status check: 254 checks completed, API healthy
[2026-03-01 09:05:22] Status check: 256 checks completed, API healthy
[2026-03-01 09:06:22] Status check: 258 checks completed, API healthy
[2026-03-01 09:07:23] Status check: 260 checks completed, API healthy
[2026-03-01 09:08:23] Status check: 262 checks completed, API healthy
[2026-03-01 09:09:23] Status check: 264 checks completed, API healthy
[2026-03-01 09:10:23] Status check: 266 checks completed, API healthy
[2026-03-01 09:11:24] Status check: 268 checks completed, API healthy
[2026-03-01 09:12:29] Status check: 270 checks completed, API healthy
[2026-03-01 09:13:29] Status check: 272 checks completed, API healthy
[2026-03-01 09:14:29] Status check: 274 checks completed, API healthy
[2026-03-01 09:15:30] Status check: 276 checks completed, API healthy
[2026-03-01 09:16:30] Status check: 278 checks completed, API healthy
[2026-03-01 09:17:30] Status check: 280 checks completed, API healthy
[2026-03-01 09:18:30] Status check: 282 checks completed, API healthy
[2026-03-01 09:19:31] Status check: 284 checks completed, API healthy
[2026-03-01 09:20:31] Status check: 286 checks completed, API healthy
[2026-03-01 09:21:31] Status check: 288 checks completed, API healthy
[2026-03-01 09:22:32] Status check: 290 checks completed, API healthy
[2026-03-01 09:23:32] Status check: 292 checks completed, API healthy
[2026-03-01 09:24:32] Status check: 294 checks completed, API healthy
[2026-03-01 09:25:33] Status check: 296 checks completed, API healthy
[2026-03-01 09:26:33] Status check: 298 checks completed, API healthy
[2026-03-01 09:27:33] Status check: 300 checks completed, API healthy
[2026-03-01 09:28:34] Status check: 302 checks completed, API healthy
[2026-03-01 09:29:34] Status check: 304 checks completed, API healthy
[2026-03-01 09:30:34] Status check: 306 checks completed, API healthy
[2026-03-01 09:31:34] Status check: 308 checks completed, API healthy
[2026-03-01 09:32:35] Status check: 310 checks completed, API healthy
[2026-03-01 09:33:35] Status check: 312 checks completed, API healthy
[2026-03-01 09:34:35] Status check: 314 checks completed, API healthy
[2026-03-01 09:35:36] Status check: 316 checks completed, API healthy
[2026-03-01 09:36:36] Status check: 318 checks completed, API healthy
[2026-03-01 09:37:36] Status check: 320 checks completed, API healthy
[2026-03-01 09:38:37] Status check: 322 checks completed, API healthy
[2026-03-01 09:39:37] Status check: 324 checks completed, API healthy
[2026-03-01 09:40:37] Status check: 326 checks completed, API healthy
[2026-03-01 09:41:37] Status check: 328 checks completed, API healthy
[2026-03-01 09:42:38] Status check: 330 checks completed, API healthy
[2026-03-01 09:43:38] Status check: 332 checks completed, API healthy
[2026-03-01 09:44:38] Status check: 334 checks completed, API healthy
[2026-03-01 09:45:39] Status check: 336 checks completed, API healthy
[2026-03-01 09:46:39] Status check: 338 checks completed, API healthy
[2026-03-01 09:47:39] Status check: 340 checks completed, API healthy
[2026-03-01 09:48:39] Status check: 342 checks completed, API healthy
[2026-03-01 09:49:40] Status check: 344 checks completed, API healthy
[2026-03-01 09:50:40] Status check: 346 checks completed, API healthy
[2026-03-01 09:51:40] Status check: 348 checks completed, API healthy
[2026-03-01 09:52:41] Status check: 350 checks completed, API healthy
[2026-03-01 09:53:41] Status check: 352 checks completed, API healthy
[2026-03-01 09:54:41] Status check: 354 checks completed, API healthy
[2026-03-01 09:55:42] Status check: 356 checks completed, API healthy
[2026-03-01 09:56:42] Status check: 358 checks completed, API healthy
[2026-03-01 09:57:42] Status check: 360 checks completed, API healthy
[2026-03-01 09:58:42] Status check: 362 checks completed, API healthy
[2026-03-01 09:59:48] Status check: 364 checks completed, API healthy
[2026-03-01 10:00:48] Status check: 366 checks completed, API healthy
[2026-03-01 10:01:49] Status check: 368 checks completed, API healthy
[2026-03-01 10:02:49] Status check: 370 checks completed, API healthy
[2026-03-01 10:03:49] Status check: 372 checks completed, API healthy
[2026-03-01 10:04:49] Status check: 374 checks completed, API healthy
[2026-03-01 10:05:50] Status check: 376 checks completed, API healthy
jq: parse error: Unfinished JSON term at EOF at line 2, column 0
[2026-03-01 10:06:20] ERROR: Alert check failed (attempt 1/3)
[2026-03-01 10:06:54] Status check: 378 checks completed, API healthy
[2026-03-01 10:07:54] Status check: 380 checks completed, API healthy
[2026-03-01 10:08:54] Status check: 382 checks completed, API healthy
[2026-03-01 10:09:54] Status check: 384 checks completed, API healthy
[2026-03-01 10:10:55] Status check: 386 checks completed, API healthy
[2026-03-01 10:11:55] Status check: 388 checks completed, API healthy
[2026-03-01 10:12:55] Status check: 390 checks completed, API healthy
[2026-03-01 10:13:56] Status check: 392 checks completed, API healthy
[2026-03-01 10:14:56] Status check: 394 checks completed, API healthy
[2026-03-01 10:15:56] Status check: 396 checks completed, API healthy
[2026-03-01 10:17:01] Status check: 398 checks completed, API healthy
[2026-03-01 10:18:01] Status check: 400 checks completed, API healthy
[2026-03-01 10:19:01] Status check: 402 checks completed, API healthy
[2026-03-01 10:20:01] Status check: 404 checks completed, API healthy
[2026-03-01 10:21:02] Status check: 406 checks completed, API healthy
[2026-03-01 10:22:02] Status check: 408 checks completed, API healthy
[2026-03-01 10:23:02] Status check: 410 checks completed, API healthy
[2026-03-01 10:24:03] Status check: 412 checks completed, API healthy
[2026-03-01 10:25:03] Status check: 414 checks completed, API healthy
[2026-03-01 10:26:03] Status check: 416 checks completed, API healthy
[2026-03-01 10:27:04] Status check: 418 checks completed, API healthy
[2026-03-01 10:28:04] Status check: 420 checks completed, API healthy
[2026-03-01 10:29:04] Status check: 422 checks completed, API healthy
[2026-03-01 10:30:05] Status check: 424 checks completed, API healthy
[2026-03-01 10:31:05] Status check: 426 checks completed, API healthy
[2026-03-01 10:32:05] Status check: 428 checks completed, API healthy
[2026-03-01 10:33:06] Status check: 430 checks completed, API healthy
[2026-03-01 10:34:05] Status check: 432 checks completed, API healthy
[2026-03-01 10:35:06] Status check: 434 checks completed, API healthy
[2026-03-01 10:36:06] Status check: 436 checks completed, API healthy
[2026-03-01 10:37:06] Status check: 438 checks completed, API healthy
[2026-03-01 10:38:10] Status check: 440 checks completed, API healthy
[2026-03-01 10:39:11] Status check: 442 checks completed, API healthy
[2026-03-01 10:40:11] Status check: 444 checks completed, API healthy
[2026-03-01 10:41:10] Status check: 446 checks completed, API healthy
[2026-03-01 10:42:10] Status check: 448 checks completed, API healthy
[2026-03-01 10:43:10] Status check: 450 checks completed, API healthy
[2026-03-01 10:44:10] Status check: 452 checks completed, API healthy
[2026-03-01 10:45:10] Status check: 454 checks completed, API healthy
[2026-03-01 10:46:10] Status check: 456 checks completed, API healthy
[2026-03-01 10:47:39] Status check: 459 checks completed, API healthy
[2026-03-01 10:49:08] Status check: 462 checks completed, API healthy
[2026-03-01 10:50:37] Status check: 465 checks completed, API healthy
[2026-03-01 10:52:06] Status check: 468 checks completed, API healthy
[2026-03-01 10:53:35] Status check: 471 checks completed, API healthy
[2026-03-01 10:55:04] Status check: 474 checks completed, API healthy
[2026-03-01 10:56:33] Status check: 477 checks completed, API healthy
[2026-03-01 10:58:02] Status check: 480 checks completed, API healthy
[2026-03-01 10:59:31] Status check: 483 checks completed, API healthy
[2026-03-01 11:01:00] Status check: 486 checks completed, API healthy
[2026-03-01 11:02:29] Status check: 489 checks completed, API healthy
[2026-03-01 11:03:58] Status check: 492 checks completed, API healthy
[2026-03-01 11:05:27] Status check: 495 checks completed, API healthy
